<?xml version="1.0" encoding="UTF-8"?>
<!-- Generated by org.testng.reporters.JUnitXMLReporter -->
<testsuite ignored="14" hostname="LAPTOP-C9KSH1RC" failures="0" tests="46" name="Surefire test" time="2.001" errors="0" timestamp="2025-11-14T19:48:01 IST">
  <testcase classname="opencart.base.BaseTest" name="@BeforeTest setUp" time="-1.763129879687E9">
    <failure type="org.testng.TestNGException" message="
Parameter &amp;apos;browser&amp;apos; is required by BeforeTest on method setUp but has not been marked @Optional or defined
">
      <![CDATA[org.testng.TestNGException: 
Parameter 'browser' is required by BeforeTest on method setUp but has not been marked @Optional or defined

... Removed 26 stack frames]]>
    </failure>
  </testcase> <!-- @BeforeTest setUp -->
  <testcase classname="opencart.tests.AccountsPageTest" name="@BeforeClass accPageSetup" time="0.0">
    <skipped/>
  </testcase> <!-- @BeforeClass accPageSetup -->
  <testcase classname="opencart.tests.ProductInfoPageTest" name="@BeforeClass productInfoPageSetup" time="0.0">
    <skipped/>
  </testcase> <!-- @BeforeClass productInfoPageSetup -->
  <testcase classname="opencart.tests.RegisterPageTest" name="@BeforeClass regSetUp" time="0.0">
    <skipped/>
  </testcase> <!-- @BeforeClass regSetUp -->
  <testcase classname="opencart.tests.SearchCommonDataTest" name="@BeforeClass searchSetup" time="0.0">
    <skipped/>
  </testcase> <!-- @BeforeClass searchSetup -->
  <testcase classname="opencart.tests.SearchTest" name="@BeforeClass searchSetup" time="0.0">
    <skipped/>
  </testcase> <!-- @BeforeClass searchSetup -->
  <testcase classname="opencart.base.BaseTest" name="@AfterTest tearDown" time="0.0">
    <skipped/>
  </testcase> <!-- @AfterTest tearDown -->
  <testcase classname="opencart.tests.AccountsPageTest" name="accPageHeadersCountTest" time="0.001">
    <skipped/>
  </testcase> <!-- accPageHeadersCountTest -->
  <testcase classname="opencart.tests.AccountsPageTest" name="accPageHeadersTest" time="0.0">
    <skipped/>
  </testcase> <!-- accPageHeadersTest -->
  <testcase classname="opencart.tests.AccountsPageTest" name="accountsPageTitleTest" time="0.001">
    <skipped/>
  </testcase> <!-- accountsPageTitleTest -->
  <testcase classname="opencart.tests.AccountsPageTest" name="isLogoutLinkExistTest" time="0.0">
    <skipped/>
  </testcase> <!-- isLogoutLinkExistTest -->
  <testcase classname="opencart.tests.LoginPageTest" name="ForgotPwdLinkExistTest" time="0.001">
    <skipped/>
  </testcase> <!-- ForgotPwdLinkExistTest -->
  <testcase classname="opencart.tests.LoginPageTest" name="loginPageTitleTest" time="0.0">
    <skipped/>
  </testcase> <!-- loginPageTitleTest -->
  <testcase classname="opencart.tests.LoginPageTest" name="loginPageURLTest" time="0.0">
    <skipped/>
  </testcase> <!-- loginPageURLTest -->
  <testcase classname="opencart.tests.LoginPageTest" name="loginTest" time="0.001">
    <skipped/>
  </testcase> <!-- loginTest -->
  <testcase classname="opencart.tests.LoginWithWrongCredentialsTest" name="loginWithWrongCredentialsTest" time="0.0">
    <skipped/>
  </testcase> <!-- loginWithWrongCredentialsTest -->
  <testcase classname="opencart.tests.LoginWithWrongCredentialsTest" name="loginWithWrongCredentialsTest" time="0.001">
    <skipped/>
  </testcase> <!-- loginWithWrongCredentialsTest -->
  <testcase classname="opencart.tests.LoginWithWrongCredentialsTest" name="loginWithWrongCredentialsTest" time="0.0">
    <skipped/>
  </testcase> <!-- loginWithWrongCredentialsTest -->
  <testcase classname="opencart.tests.ProductInfoPageTest" name="productInfoTest" time="0.0">
    <skipped/>
  </testcase> <!-- productInfoTest -->
  <testcase classname="opencart.tests.RegisterPageTest" name="userRegisterTest" time="0.0">
    <skipped/>
  </testcase> <!-- userRegisterTest -->
  <testcase classname="opencart.tests.RegisterPageTest" name="userRegisterTest" time="0.0">
    <skipped/>
  </testcase> <!-- userRegisterTest -->
  <testcase classname="opencart.tests.RegisterPageTest" name="userRegisterTest" time="0.0">
    <skipped/>
  </testcase> <!-- userRegisterTest -->
  <testcase classname="opencart.tests.RegisterPageTest" name="userRegisterTest" time="0.0">
    <skipped/>
  </testcase> <!-- userRegisterTest -->
  <testcase classname="opencart.tests.SearchCommonDataTest" name="searchProductResultCountTest" time="0.0">
    <skipped/>
  </testcase> <!-- searchProductResultCountTest -->
  <testcase classname="opencart.tests.SearchCommonDataTest" name="searchProductResultCountTest" time="0.0">
    <skipped/>
  </testcase> <!-- searchProductResultCountTest -->
  <testcase classname="opencart.tests.SearchCommonDataTest" name="searchProductResultCountTest" time="0.001">
    <skipped/>
  </testcase> <!-- searchProductResultCountTest -->
  <testcase classname="opencart.tests.SearchCommonDataTest" name="searchProductResultCountTest" time="0.0">
    <skipped/>
  </testcase> <!-- searchProductResultCountTest -->
  <testcase classname="opencart.tests.SearchCommonDataTest" name="searchPageTitleTest" time="0.0">
    <skipped/>
  </testcase> <!-- searchPageTitleTest -->
  <testcase classname="opencart.tests.SearchCommonDataTest" name="searchPageTitleTest" time="0.0">
    <skipped/>
  </testcase> <!-- searchPageTitleTest -->
  <testcase classname="opencart.tests.SearchCommonDataTest" name="searchPageTitleTest" time="0.0">
    <skipped/>
  </testcase> <!-- searchPageTitleTest -->
  <testcase classname="opencart.tests.SearchCommonDataTest" name="searchPageTitleTest" time="0.0">
    <skipped/>
  </testcase> <!-- searchPageTitleTest -->
  <testcase classname="opencart.tests.SearchCommonDataTest" name="selectProductTest" time="0.001">
    <skipped/>
  </testcase> <!-- selectProductTest -->
  <testcase classname="opencart.tests.SearchCommonDataTest" name="selectProductTest" time="0.0">
    <skipped/>
  </testcase> <!-- selectProductTest -->
  <testcase classname="opencart.tests.SearchCommonDataTest" name="selectProductTest" time="0.001">
    <skipped/>
  </testcase> <!-- selectProductTest -->
  <testcase classname="opencart.tests.SearchCommonDataTest" name="selectProductTest" time="0.0">
    <skipped/>
  </testcase> <!-- selectProductTest -->
  <testcase classname="opencart.tests.SearchCommonDataTest" name="productImagesTest" time="0.0">
    <skipped/>
  </testcase> <!-- productImagesTest -->
  <testcase classname="opencart.tests.SearchCommonDataTest" name="productImagesTest" time="0.0">
    <skipped/>
  </testcase> <!-- productImagesTest -->
  <testcase classname="opencart.tests.SearchCommonDataTest" name="productImagesTest" time="0.0">
    <skipped/>
  </testcase> <!-- productImagesTest -->
  <testcase classname="opencart.tests.SearchCommonDataTest" name="productImagesTest" time="0.0">
    <skipped/>
  </testcase> <!-- productImagesTest -->
  <testcase classname="opencart.tests.SearchTest" name="searchProductTest" time="0.0">
    <skipped/>
  </testcase> <!-- searchProductTest -->
  <testcase classname="opencart.tests.SearchTest" name="searchProductTest" time="0.001">
    <skipped/>
  </testcase> <!-- searchProductTest -->
  <testcase classname="opencart.tests.SearchTest" name="searchProductTest" time="0.0">
    <skipped/>
  </testcase> <!-- searchProductTest -->
  <testcase classname="opencart.tests.SearchTest" name="searchPageTitleTest" time="0.0">
    <skipped/>
  </testcase> <!-- searchPageTitleTest -->
  <testcase classname="opencart.tests.SearchTest" name="searchPageTitleTest" time="0.0">
    <skipped/>
  </testcase> <!-- searchPageTitleTest -->
  <testcase classname="opencart.tests.SearchTest" name="searchPageTitleTest" time="0.0">
    <skipped/>
  </testcase> <!-- searchPageTitleTest -->
  <testcase classname="opencart.tests.SearchTest" name="selectProductTest" time="0.0">
    <skipped/>
  </testcase> <!-- selectProductTest -->
  <testcase classname="opencart.tests.SearchTest" name="selectProductTest" time="0.0">
    <skipped/>
  </testcase> <!-- selectProductTest -->
  <testcase classname="opencart.tests.SearchTest" name="selectProductTest" time="0.0">
    <skipped/>
  </testcase> <!-- selectProductTest -->
  <testcase classname="opencart.tests.SearchTest" name="selectProductTest" time="0.0">
    <skipped/>
  </testcase> <!-- selectProductTest -->
  <testcase classname="opencart.tests.SearchTest" name="productImagesTest" time="0.0">
    <skipped/>
  </testcase> <!-- productImagesTest -->
  <testcase classname="opencart.tests.SearchTest" name="productImagesTest" time="0.0">
    <skipped/>
  </testcase> <!-- productImagesTest -->
  <testcase classname="opencart.tests.SearchTest" name="productImagesTest" time="0.0">
    <skipped/>
  </testcase> <!-- productImagesTest -->
  <testcase classname="opencart.tests.SearchTest" name="productImagesTest" time="0.0">
    <skipped/>
  </testcase> <!-- productImagesTest -->
  <testcase classname="opencart.base.BaseTest" name="@BeforeTest setUp" time="0.0">
    <ignored/>
  </testcase> <!-- @BeforeTest setUp -->
  <testcase classname="opencart.base.BaseTest" name="@BeforeTest setUp" time="0.0">
    <ignored/>
  </testcase> <!-- @BeforeTest setUp -->
  <testcase classname="opencart.base.BaseTest" name="@AfterTest tearDown" time="0.0">
    <ignored/>
  </testcase> <!-- @AfterTest tearDown -->
  <testcase classname="opencart.base.BaseTest" name="@AfterTest tearDown" time="0.0">
    <ignored/>
  </testcase> <!-- @AfterTest tearDown -->
  <testcase classname="opencart.base.BaseTest" name="@BeforeTest setUp" time="0.0">
    <ignored/>
  </testcase> <!-- @BeforeTest setUp -->
  <testcase classname="opencart.base.BaseTest" name="@BeforeTest setUp" time="0.0">
    <ignored/>
  </testcase> <!-- @BeforeTest setUp -->
  <testcase classname="opencart.base.BaseTest" name="@AfterTest tearDown" time="0.0">
    <ignored/>
  </testcase> <!-- @AfterTest tearDown -->
  <testcase classname="opencart.base.BaseTest" name="@AfterTest tearDown" time="0.0">
    <ignored/>
  </testcase> <!-- @AfterTest tearDown -->
  <testcase classname="opencart.base.BaseTest" name="@BeforeTest setUp" time="0.0">
    <ignored/>
  </testcase> <!-- @BeforeTest setUp -->
  <testcase classname="opencart.base.BaseTest" name="@AfterTest tearDown" time="0.0">
    <ignored/>
  </testcase> <!-- @AfterTest tearDown -->
  <testcase classname="opencart.base.BaseTest" name="@BeforeTest setUp" time="0.0">
    <ignored/>
  </testcase> <!-- @BeforeTest setUp -->
  <testcase classname="opencart.base.BaseTest" name="@BeforeTest setUp" time="0.0">
    <ignored/>
  </testcase> <!-- @BeforeTest setUp -->
  <testcase classname="opencart.base.BaseTest" name="@AfterTest tearDown" time="0.0">
    <ignored/>
  </testcase> <!-- @AfterTest tearDown -->
  <testcase classname="opencart.base.BaseTest" name="@AfterTest tearDown" time="0.0">
    <ignored/>
  </testcase> <!-- @AfterTest tearDown -->
</testsuite> <!-- Surefire test -->
