<!DOCTYPE html PUBLIC "-//W3C//DTD XHTML 1.1//EN" "https://www.w3.org/TR/xhtml11/DTD/xhtml11.dtd">
<html xmlns="https://www.w3.org/1999/xhtml">
<head>
<meta http-equiv="content-type" content="text/html; charset=UTF-8"/>
<title>TestNG Report</title>
<style type="text/css">table {margin-bottom:10px;border-collapse:collapse;empty-cells:show}th,td {border:1px solid #009;padding:.25em .5em}th {vertical-align:bottom}td {vertical-align:top}table a {font-weight:bold}.stripe td {background-color: #E6EBF9}.num {text-align:right}.passedodd td {background-color: #3F3}.passedeven td {background-color: #0A0}.skippedodd td {background-color: #DDD}.skippedeven td {background-color: #CCC}.failedodd td,.attn {background-color: #F33}.failedeven td,.stripe .attn {background-color: #D00}.stacktrace {white-space:pre;font-family:monospace}.totop {font-size:85%;text-align:center;border-bottom:2px solid #000}.invisible {display:none}</style>
</head>
<body>
<table>
<tr><th>Test</th><th># Passed</th><th># Skipped</th><th># Retried</th><th># Failed</th><th>Time (ms)</th><th>Included Groups</th><th>Excluded Groups</th></tr>
<tr><th colspan="8">Surefire suite</th></tr>
<tr><td><a href="#t0">Surefire test</a></td><td class="num">0</td><td class="num attn">46</td><td class="num">0</td><td class="num">0</td><td class="num">2,001</td><td></td><td></td></tr>
</table>
<table id='summary'><thead><tr><th>Class</th><th>Method</th><th>Start</th><th>Time (ms)</th></tr></thead><tbody><tr><th colspan="4">Surefire suite</th></tr></tbody><tbody id="t0"><tr><th colspan="4">Surefire test &#8212; failed (configuration methods)</th></tr><tr class="failedeven"><td rowspan="1">opencart.base.BaseTest</td><td><a href="#m0">setUp</a></td><td rowspan="1">1763129879687</td><td rowspan="1">-1763129879687</td></tr><tr><th colspan="4">Surefire test &#8212; skipped (configuration methods)</th></tr><tr class="skippedeven"><td rowspan="1">opencart.base.BaseTest</td><td><a href="#m1">tearDown</a></td><td rowspan="1">1763129881666</td><td rowspan="1">0</td></tr><tr class="skippedodd"><td rowspan="1">opencart.tests.AccountsPageTest</td><td><a href="#m2">accPageSetup</a></td><td rowspan="1">1763129879779</td><td rowspan="1">0</td></tr><tr class="skippedeven"><td rowspan="1">opencart.tests.ProductInfoPageTest</td><td><a href="#m3">productInfoPageSetup</a></td><td rowspan="1">1763129879849</td><td rowspan="1">0</td></tr><tr class="skippedodd"><td rowspan="1">opencart.tests.RegisterPageTest</td><td><a href="#m4">regSetUp</a></td><td rowspan="1">1763129879852</td><td rowspan="1">0</td></tr><tr class="skippedeven"><td rowspan="1">opencart.tests.SearchCommonDataTest</td><td><a href="#m5">searchSetup</a></td><td rowspan="1">1763129881570</td><td rowspan="1">0</td></tr><tr class="skippedodd"><td rowspan="1">opencart.tests.SearchTest</td><td><a href="#m6">searchSetup</a></td><td rowspan="1">1763129881626</td><td rowspan="1">0</td></tr><tr><th colspan="4">Surefire test &#8212; skipped</th></tr><tr class="skippedeven"><td rowspan="4">opencart.tests.AccountsPageTest</td><td><a href="#m7">accPageHeadersCountTest</a></td><td rowspan="1">1763129879807</td><td rowspan="1">1</td></tr><tr class="skippedeven"><td><a href="#m8">accPageHeadersTest</a></td><td rowspan="1">1763129879819</td><td rowspan="1">0</td></tr><tr class="skippedeven"><td><a href="#m9">accountsPageTitleTest</a></td><td rowspan="1">1763129879821</td><td rowspan="1">1</td></tr><tr class="skippedeven"><td><a href="#m10">isLogoutLinkExistTest</a></td><td rowspan="1">1763129879824</td><td rowspan="1">0</td></tr><tr class="skippedodd"><td rowspan="4">opencart.tests.LoginPageTest</td><td><a href="#m11">ForgotPwdLinkExistTest</a></td><td rowspan="1">1763129879827</td><td rowspan="1">1</td></tr><tr class="skippedodd"><td><a href="#m12">loginPageTitleTest</a></td><td rowspan="1">1763129879829</td><td rowspan="1">0</td></tr><tr class="skippedodd"><td><a href="#m13">loginPageURLTest</a></td><td rowspan="1">1763129879832</td><td rowspan="1">0</td></tr><tr class="skippedodd"><td><a href="#m14">loginTest</a></td><td rowspan="1">1763129879834</td><td rowspan="1">1</td></tr><tr class="skippedeven"><td rowspan="3">opencart.tests.LoginWithWrongCredentialsTest</td><td><a href="#m15">loginWithWrongCredentialsTest</a></td><td rowspan="3">1763129879844</td><td rowspan="3">0</td></tr><tr class="skippedeven"><td><a href="#m16">loginWithWrongCredentialsTest</a></td></tr><tr class="skippedeven"><td><a href="#m17">loginWithWrongCredentialsTest</a></td></tr><tr class="skippedodd"><td rowspan="1">opencart.tests.ProductInfoPageTest</td><td><a href="#m18">productInfoTest</a></td><td rowspan="1">1763129879850</td><td rowspan="1">0</td></tr><tr class="skippedeven"><td rowspan="4">opencart.tests.RegisterPageTest</td><td><a href="#m19">userRegisterTest</a></td><td rowspan="4">1763129881559</td><td rowspan="4">0</td></tr><tr class="skippedeven"><td><a href="#m20">userRegisterTest</a></td></tr><tr class="skippedeven"><td><a href="#m21">userRegisterTest</a></td></tr><tr class="skippedeven"><td><a href="#m22">userRegisterTest</a></td></tr><tr class="skippedodd"><td rowspan="16">opencart.tests.SearchCommonDataTest</td><td><a href="#m23">productImagesTest</a></td><td rowspan="4">1763129881619</td><td rowspan="4">0</td></tr><tr class="skippedodd"><td><a href="#m24">productImagesTest</a></td></tr><tr class="skippedodd"><td><a href="#m25">productImagesTest</a></td></tr><tr class="skippedodd"><td><a href="#m26">productImagesTest</a></td></tr><tr class="skippedodd"><td><a href="#m27">searchPageTitleTest</a></td><td rowspan="4">1763129881605</td><td rowspan="4">0</td></tr><tr class="skippedodd"><td><a href="#m28">searchPageTitleTest</a></td></tr><tr class="skippedodd"><td><a href="#m29">searchPageTitleTest</a></td></tr><tr class="skippedodd"><td><a href="#m30">searchPageTitleTest</a></td></tr><tr class="skippedodd"><td><a href="#m31">searchProductResultCountTest</a></td><td rowspan="4">1763129881590</td><td rowspan="4">1</td></tr><tr class="skippedodd"><td><a href="#m32">searchProductResultCountTest</a></td></tr><tr class="skippedodd"><td><a href="#m33">searchProductResultCountTest</a></td></tr><tr class="skippedodd"><td><a href="#m34">searchProductResultCountTest</a></td></tr><tr class="skippedodd"><td><a href="#m35">selectProductTest</a></td><td rowspan="4">1763129881612</td><td rowspan="4">1</td></tr><tr class="skippedodd"><td><a href="#m36">selectProductTest</a></td></tr><tr class="skippedodd"><td><a href="#m37">selectProductTest</a></td></tr><tr class="skippedodd"><td><a href="#m38">selectProductTest</a></td></tr><tr class="skippedeven"><td rowspan="14">opencart.tests.SearchTest</td><td><a href="#m39">productImagesTest</a></td><td rowspan="4">1763129881659</td><td rowspan="4">0</td></tr><tr class="skippedeven"><td><a href="#m40">productImagesTest</a></td></tr><tr class="skippedeven"><td><a href="#m41">productImagesTest</a></td></tr><tr class="skippedeven"><td><a href="#m42">productImagesTest</a></td></tr><tr class="skippedeven"><td><a href="#m43">searchPageTitleTest</a></td><td rowspan="3">1763129881634</td><td rowspan="3">0</td></tr><tr class="skippedeven"><td><a href="#m44">searchPageTitleTest</a></td></tr><tr class="skippedeven"><td><a href="#m45">searchPageTitleTest</a></td></tr><tr class="skippedeven"><td><a href="#m46">searchProductTest</a></td><td rowspan="3">1763129881629</td><td rowspan="3">1</td></tr><tr class="skippedeven"><td><a href="#m47">searchProductTest</a></td></tr><tr class="skippedeven"><td><a href="#m48">searchProductTest</a></td></tr><tr class="skippedeven"><td><a href="#m49">selectProductTest</a></td><td rowspan="4">1763129881646</td><td rowspan="4">0</td></tr><tr class="skippedeven"><td><a href="#m50">selectProductTest</a></td></tr><tr class="skippedeven"><td><a href="#m51">selectProductTest</a></td></tr><tr class="skippedeven"><td><a href="#m52">selectProductTest</a></td></tr></tbody>
</table>
<h2>Surefire test</h2><h3 id="m0">opencart.base.BaseTest#setUp</h3><table class="result"><tr><th>Exception</th></tr><tr><td><div class="stacktrace">org.testng.TestNGException: 
Parameter &apos;browser&apos; is required by BeforeTest on method setUp but has not been marked @Optional or defined

... Removed 26 stack frames</div></td></tr></table><p class="totop"><a href="#summary">back to summary</a></p>
<h3 id="m1">opencart.base.BaseTest#tearDown</h3><table class="result"><tr><th class="invisible"/></tr></table><p class="totop"><a href="#summary">back to summary</a></p>
<h3 id="m2">opencart.tests.AccountsPageTest#accPageSetup</h3><table class="result"><tr><th class="invisible"/></tr></table><p class="totop"><a href="#summary">back to summary</a></p>
<h3 id="m3">opencart.tests.ProductInfoPageTest#productInfoPageSetup</h3><table class="result"><tr><th class="invisible"/></tr></table><p class="totop"><a href="#summary">back to summary</a></p>
<h3 id="m4">opencart.tests.RegisterPageTest#regSetUp</h3><table class="result"><tr><th class="invisible"/></tr></table><p class="totop"><a href="#summary">back to summary</a></p>
<h3 id="m5">opencart.tests.SearchCommonDataTest#searchSetup</h3><table class="result"><tr><th class="invisible"/></tr></table><p class="totop"><a href="#summary">back to summary</a></p>
<h3 id="m6">opencart.tests.SearchTest#searchSetup</h3><table class="result"><tr><th class="invisible"/></tr></table><p class="totop"><a href="#summary">back to summary</a></p>
<h3 id="m7">opencart.tests.AccountsPageTest#accPageHeadersCountTest</h3><table class="result"><tr><th>Exception</th></tr><tr><td><div class="stacktrace">org.testng.TestNGException: 
Parameter &apos;browser&apos; is required by BeforeTest on method setUp but has not been marked @Optional or defined

... Removed 26 stack frames</div></td></tr></table><p class="totop"><a href="#summary">back to summary</a></p>
<h3 id="m8">opencart.tests.AccountsPageTest#accPageHeadersTest</h3><table class="result"><tr><th>Exception</th></tr><tr><td><div class="stacktrace">org.testng.TestNGException: 
Parameter &apos;browser&apos; is required by BeforeTest on method setUp but has not been marked @Optional or defined

... Removed 26 stack frames</div></td></tr></table><p class="totop"><a href="#summary">back to summary</a></p>
<h3 id="m9">opencart.tests.AccountsPageTest#accountsPageTitleTest</h3><table class="result"><tr><th>Exception</th></tr><tr><td><div class="stacktrace">org.testng.TestNGException: 
Parameter &apos;browser&apos; is required by BeforeTest on method setUp but has not been marked @Optional or defined

... Removed 26 stack frames</div></td></tr></table><p class="totop"><a href="#summary">back to summary</a></p>
<h3 id="m10">opencart.tests.AccountsPageTest#isLogoutLinkExistTest</h3><table class="result"><tr><th>Exception</th></tr><tr><td><div class="stacktrace">org.testng.TestNGException: 
Parameter &apos;browser&apos; is required by BeforeTest on method setUp but has not been marked @Optional or defined

... Removed 26 stack frames</div></td></tr></table><p class="totop"><a href="#summary">back to summary</a></p>
<h3 id="m11">opencart.tests.LoginPageTest#ForgotPwdLinkExistTest</h3><table class="result"><tr><th>Exception</th></tr><tr><td><div class="stacktrace">org.testng.TestNGException: 
Parameter &apos;browser&apos; is required by BeforeTest on method setUp but has not been marked @Optional or defined

... Removed 26 stack frames</div></td></tr></table><p class="totop"><a href="#summary">back to summary</a></p>
<h3 id="m12">opencart.tests.LoginPageTest#loginPageTitleTest</h3><table class="result"><tr><th>Exception</th></tr><tr><td><div class="stacktrace">org.testng.TestNGException: 
Parameter &apos;browser&apos; is required by BeforeTest on method setUp but has not been marked @Optional or defined

... Removed 26 stack frames</div></td></tr></table><p class="totop"><a href="#summary">back to summary</a></p>
<h3 id="m13">opencart.tests.LoginPageTest#loginPageURLTest</h3><table class="result"><tr><th>Exception</th></tr><tr><td><div class="stacktrace">org.testng.TestNGException: 
Parameter &apos;browser&apos; is required by BeforeTest on method setUp but has not been marked @Optional or defined

... Removed 26 stack frames</div></td></tr></table><p class="totop"><a href="#summary">back to summary</a></p>
<h3 id="m14">opencart.tests.LoginPageTest#loginTest</h3><table class="result"><tr><th>Exception</th></tr><tr><td><div class="stacktrace">org.testng.TestNGException: 
Parameter &apos;browser&apos; is required by BeforeTest on method setUp but has not been marked @Optional or defined

... Removed 26 stack frames</div></td></tr></table><p class="totop"><a href="#summary">back to summary</a></p>
<h3 id="m15">opencart.tests.LoginWithWrongCredentialsTest#loginWithWrongCredentialsTest</h3><table class="result"><tr class="param"><th>Parameter #1</th><th>Parameter #2</th></tr><tr class="param stripe"><td>newemail@gmail.com</td><td>test@123</td></tr><tr><th colspan="2">Exception</th></tr><tr><td colspan="2"><div class="stacktrace">org.testng.TestNGException: 
Parameter &apos;browser&apos; is required by BeforeTest on method setUp but has not been marked @Optional or defined

... Removed 26 stack frames</div></td></tr></table><p class="totop"><a href="#summary">back to summary</a></p>
<h3 id="m16">opencart.tests.LoginWithWrongCredentialsTest#loginWithWrongCredentialsTest</h3><table class="result"><tr class="param"><th>Parameter #1</th><th>Parameter #2</th></tr><tr class="param stripe"><td>freshemail@gmail.com</td><td>Test@123</td></tr><tr><th colspan="2">Exception</th></tr><tr><td colspan="2"><div class="stacktrace">org.testng.TestNGException: 
Parameter &apos;browser&apos; is required by BeforeTest on method setUp but has not been marked @Optional or defined

... Removed 26 stack frames</div></td></tr></table><p class="totop"><a href="#summary">back to summary</a></p>
<h3 id="m17">opencart.tests.LoginWithWrongCredentialsTest#loginWithWrongCredentialsTest</h3><table class="result"><tr class="param"><th>Parameter #1</th><th>Parameter #2</th></tr><tr class="param stripe"><td>demotrial@gmail.com</td><td>Test@123</td></tr><tr><th colspan="2">Exception</th></tr><tr><td colspan="2"><div class="stacktrace">org.testng.TestNGException: 
Parameter &apos;browser&apos; is required by BeforeTest on method setUp but has not been marked @Optional or defined

... Removed 26 stack frames</div></td></tr></table><p class="totop"><a href="#summary">back to summary</a></p>
<h3 id="m18">opencart.tests.ProductInfoPageTest#productInfoTest</h3><table class="result"><tr><th>Exception</th></tr><tr><td><div class="stacktrace">org.testng.TestNGException: 
Parameter &apos;browser&apos; is required by BeforeTest on method setUp but has not been marked @Optional or defined

... Removed 26 stack frames</div></td></tr></table><p class="totop"><a href="#summary">back to summary</a></p>
<h3 id="m19">opencart.tests.RegisterPageTest#userRegisterTest</h3><table class="result"><tr class="param"><th>Parameter #1</th><th>Parameter #2</th><th>Parameter #3</th><th>Parameter #4</th><th>Parameter #5</th></tr><tr class="param stripe"><td>shali</td><td>Sharma</td><td>9.862231098E9</td><td>Test@123</td><td>Yes</td></tr><tr><th colspan="5">Exception</th></tr><tr><td colspan="5"><div class="stacktrace">org.testng.TestNGException: 
Parameter &apos;browser&apos; is required by BeforeTest on method setUp but has not been marked @Optional or defined

... Removed 26 stack frames</div></td></tr></table><p class="totop"><a href="#summary">back to summary</a></p>
<h3 id="m20">opencart.tests.RegisterPageTest#userRegisterTest</h3><table class="result"><tr class="param"><th>Parameter #1</th><th>Parameter #2</th><th>Parameter #3</th><th>Parameter #4</th><th>Parameter #5</th></tr><tr class="param stripe"><td>Anju</td><td>Gupta</td><td>7.898986767E9</td><td>Test@123</td><td>No</td></tr><tr><th colspan="5">Exception</th></tr><tr><td colspan="5"><div class="stacktrace">org.testng.TestNGException: 
Parameter &apos;browser&apos; is required by BeforeTest on method setUp but has not been marked @Optional or defined

... Removed 26 stack frames</div></td></tr></table><p class="totop"><a href="#summary">back to summary</a></p>
<h3 id="m21">opencart.tests.RegisterPageTest#userRegisterTest</h3><table class="result"><tr class="param"><th>Parameter #1</th><th>Parameter #2</th><th>Parameter #3</th><th>Parameter #4</th><th>Parameter #5</th></tr><tr class="param stripe"><td>Prajakta</td><td>Kohli</td><td>8.907701111E9</td><td>Test@123</td><td>Yes</td></tr><tr><th colspan="5">Exception</th></tr><tr><td colspan="5"><div class="stacktrace">org.testng.TestNGException: 
Parameter &apos;browser&apos; is required by BeforeTest on method setUp but has not been marked @Optional or defined

... Removed 26 stack frames</div></td></tr></table><p class="totop"><a href="#summary">back to summary</a></p>
<h3 id="m22">opencart.tests.RegisterPageTest#userRegisterTest</h3><table class="result"><tr class="param"><th>Parameter #1</th><th>Parameter #2</th><th>Parameter #3</th><th>Parameter #4</th><th>Parameter #5</th></tr><tr class="param stripe"><td>Vijay</td><td>Kumar</td><td>7.805564324E9</td><td>Test@123</td><td>No</td></tr><tr><th colspan="5">Exception</th></tr><tr><td colspan="5"><div class="stacktrace">org.testng.TestNGException: 
Parameter &apos;browser&apos; is required by BeforeTest on method setUp but has not been marked @Optional or defined

... Removed 26 stack frames</div></td></tr></table><p class="totop"><a href="#summary">back to summary</a></p>
<h3 id="m23">opencart.tests.SearchCommonDataTest#productImagesTest</h3><table class="result"><tr class="param"><th>Parameter #1</th></tr><tr class="param stripe"><td>Product{searchKey=&apos;iMac&apos;, productName=&apos;iMac&apos;, productImages=&apos;3&apos;}</td></tr><tr><th>Exception</th></tr><tr><td><div class="stacktrace">org.testng.TestNGException: 
Parameter &apos;browser&apos; is required by BeforeTest on method setUp but has not been marked @Optional or defined

... Removed 26 stack frames</div></td></tr></table><p class="totop"><a href="#summary">back to summary</a></p>
<h3 id="m24">opencart.tests.SearchCommonDataTest#productImagesTest</h3><table class="result"><tr class="param"><th>Parameter #1</th></tr><tr class="param stripe"><td>Product{searchKey=&apos;Macbook&apos;, productName=&apos;Macbook Pro&apos;, productImages=&apos;4&apos;}</td></tr><tr><th>Exception</th></tr><tr><td><div class="stacktrace">org.testng.TestNGException: 
Parameter &apos;browser&apos; is required by BeforeTest on method setUp but has not been marked @Optional or defined

... Removed 26 stack frames</div></td></tr></table><p class="totop"><a href="#summary">back to summary</a></p>
<h3 id="m25">opencart.tests.SearchCommonDataTest#productImagesTest</h3><table class="result"><tr class="param"><th>Parameter #1</th></tr><tr class="param stripe"><td>Product{searchKey=&apos;Samsung&apos;, productName=&apos;Samsung SyncMaster 941BW &apos;, productImages=&apos;1&apos;}</td></tr><tr><th>Exception</th></tr><tr><td><div class="stacktrace">org.testng.TestNGException: 
Parameter &apos;browser&apos; is required by BeforeTest on method setUp but has not been marked @Optional or defined

... Removed 26 stack frames</div></td></tr></table><p class="totop"><a href="#summary">back to summary</a></p>
<h3 id="m26">opencart.tests.SearchCommonDataTest#productImagesTest</h3><table class="result"><tr class="param"><th>Parameter #1</th></tr><tr class="param stripe"><td>Product{searchKey=&apos;Samsung&apos;, productName=&apos;Samsung Galaxy Tab 10.1&apos;, productImages=&apos;7&apos;}</td></tr><tr><th>Exception</th></tr><tr><td><div class="stacktrace">org.testng.TestNGException: 
Parameter &apos;browser&apos; is required by BeforeTest on method setUp but has not been marked @Optional or defined

... Removed 26 stack frames</div></td></tr></table><p class="totop"><a href="#summary">back to summary</a></p>
<h3 id="m27">opencart.tests.SearchCommonDataTest#searchPageTitleTest</h3><table class="result"><tr class="param"><th>Parameter #1</th></tr><tr class="param stripe"><td>Product{searchKey=&apos;Samsung&apos;, productName=&apos;Samsung Galaxy Tab 10.1&apos;, productImages=&apos;7&apos;}</td></tr><tr><th>Exception</th></tr><tr><td><div class="stacktrace">org.testng.TestNGException: 
Parameter &apos;browser&apos; is required by BeforeTest on method setUp but has not been marked @Optional or defined

... Removed 26 stack frames</div></td></tr></table><p class="totop"><a href="#summary">back to summary</a></p>
<h3 id="m28">opencart.tests.SearchCommonDataTest#searchPageTitleTest</h3><table class="result"><tr class="param"><th>Parameter #1</th></tr><tr class="param stripe"><td>Product{searchKey=&apos;Samsung&apos;, productName=&apos;Samsung SyncMaster 941BW &apos;, productImages=&apos;1&apos;}</td></tr><tr><th>Exception</th></tr><tr><td><div class="stacktrace">org.testng.TestNGException: 
Parameter &apos;browser&apos; is required by BeforeTest on method setUp but has not been marked @Optional or defined

... Removed 26 stack frames</div></td></tr></table><p class="totop"><a href="#summary">back to summary</a></p>
<h3 id="m29">opencart.tests.SearchCommonDataTest#searchPageTitleTest</h3><table class="result"><tr class="param"><th>Parameter #1</th></tr><tr class="param stripe"><td>Product{searchKey=&apos;Macbook&apos;, productName=&apos;Macbook Pro&apos;, productImages=&apos;4&apos;}</td></tr><tr><th>Exception</th></tr><tr><td><div class="stacktrace">org.testng.TestNGException: 
Parameter &apos;browser&apos; is required by BeforeTest on method setUp but has not been marked @Optional or defined

... Removed 26 stack frames</div></td></tr></table><p class="totop"><a href="#summary">back to summary</a></p>
<h3 id="m30">opencart.tests.SearchCommonDataTest#searchPageTitleTest</h3><table class="result"><tr class="param"><th>Parameter #1</th></tr><tr class="param stripe"><td>Product{searchKey=&apos;iMac&apos;, productName=&apos;iMac&apos;, productImages=&apos;3&apos;}</td></tr><tr><th>Exception</th></tr><tr><td><div class="stacktrace">org.testng.TestNGException: 
Parameter &apos;browser&apos; is required by BeforeTest on method setUp but has not been marked @Optional or defined

... Removed 26 stack frames</div></td></tr></table><p class="totop"><a href="#summary">back to summary</a></p>
<h3 id="m31">opencart.tests.SearchCommonDataTest#searchProductResultCountTest</h3><table class="result"><tr class="param"><th>Parameter #1</th></tr><tr class="param stripe"><td>Product{searchKey=&apos;Samsung&apos;, productName=&apos;Samsung Galaxy Tab 10.1&apos;, productImages=&apos;7&apos;}</td></tr><tr><th>Exception</th></tr><tr><td><div class="stacktrace">org.testng.TestNGException: 
Parameter &apos;browser&apos; is required by BeforeTest on method setUp but has not been marked @Optional or defined

... Removed 26 stack frames</div></td></tr></table><p class="totop"><a href="#summary">back to summary</a></p>
<h3 id="m32">opencart.tests.SearchCommonDataTest#searchProductResultCountTest</h3><table class="result"><tr class="param"><th>Parameter #1</th></tr><tr class="param stripe"><td>Product{searchKey=&apos;iMac&apos;, productName=&apos;iMac&apos;, productImages=&apos;3&apos;}</td></tr><tr><th>Exception</th></tr><tr><td><div class="stacktrace">org.testng.TestNGException: 
Parameter &apos;browser&apos; is required by BeforeTest on method setUp but has not been marked @Optional or defined

... Removed 26 stack frames</div></td></tr></table><p class="totop"><a href="#summary">back to summary</a></p>
<h3 id="m33">opencart.tests.SearchCommonDataTest#searchProductResultCountTest</h3><table class="result"><tr class="param"><th>Parameter #1</th></tr><tr class="param stripe"><td>Product{searchKey=&apos;Samsung&apos;, productName=&apos;Samsung SyncMaster 941BW &apos;, productImages=&apos;1&apos;}</td></tr><tr><th>Exception</th></tr><tr><td><div class="stacktrace">org.testng.TestNGException: 
Parameter &apos;browser&apos; is required by BeforeTest on method setUp but has not been marked @Optional or defined

... Removed 26 stack frames</div></td></tr></table><p class="totop"><a href="#summary">back to summary</a></p>
<h3 id="m34">opencart.tests.SearchCommonDataTest#searchProductResultCountTest</h3><table class="result"><tr class="param"><th>Parameter #1</th></tr><tr class="param stripe"><td>Product{searchKey=&apos;Macbook&apos;, productName=&apos;Macbook Pro&apos;, productImages=&apos;4&apos;}</td></tr><tr><th>Exception</th></tr><tr><td><div class="stacktrace">org.testng.TestNGException: 
Parameter &apos;browser&apos; is required by BeforeTest on method setUp but has not been marked @Optional or defined

... Removed 26 stack frames</div></td></tr></table><p class="totop"><a href="#summary">back to summary</a></p>
<h3 id="m35">opencart.tests.SearchCommonDataTest#selectProductTest</h3><table class="result"><tr class="param"><th>Parameter #1</th></tr><tr class="param stripe"><td>Product{searchKey=&apos;Samsung&apos;, productName=&apos;Samsung Galaxy Tab 10.1&apos;, productImages=&apos;7&apos;}</td></tr><tr><th>Exception</th></tr><tr><td><div class="stacktrace">org.testng.TestNGException: 
Parameter &apos;browser&apos; is required by BeforeTest on method setUp but has not been marked @Optional or defined

... Removed 26 stack frames</div></td></tr></table><p class="totop"><a href="#summary">back to summary</a></p>
<h3 id="m36">opencart.tests.SearchCommonDataTest#selectProductTest</h3><table class="result"><tr class="param"><th>Parameter #1</th></tr><tr class="param stripe"><td>Product{searchKey=&apos;Samsung&apos;, productName=&apos;Samsung SyncMaster 941BW &apos;, productImages=&apos;1&apos;}</td></tr><tr><th>Exception</th></tr><tr><td><div class="stacktrace">org.testng.TestNGException: 
Parameter &apos;browser&apos; is required by BeforeTest on method setUp but has not been marked @Optional or defined

... Removed 26 stack frames</div></td></tr></table><p class="totop"><a href="#summary">back to summary</a></p>
<h3 id="m37">opencart.tests.SearchCommonDataTest#selectProductTest</h3><table class="result"><tr class="param"><th>Parameter #1</th></tr><tr class="param stripe"><td>Product{searchKey=&apos;Macbook&apos;, productName=&apos;Macbook Pro&apos;, productImages=&apos;4&apos;}</td></tr><tr><th>Exception</th></tr><tr><td><div class="stacktrace">org.testng.TestNGException: 
Parameter &apos;browser&apos; is required by BeforeTest on method setUp but has not been marked @Optional or defined

... Removed 26 stack frames</div></td></tr></table><p class="totop"><a href="#summary">back to summary</a></p>
<h3 id="m38">opencart.tests.SearchCommonDataTest#selectProductTest</h3><table class="result"><tr class="param"><th>Parameter #1</th></tr><tr class="param stripe"><td>Product{searchKey=&apos;iMac&apos;, productName=&apos;iMac&apos;, productImages=&apos;3&apos;}</td></tr><tr><th>Exception</th></tr><tr><td><div class="stacktrace">org.testng.TestNGException: 
Parameter &apos;browser&apos; is required by BeforeTest on method setUp but has not been marked @Optional or defined

... Removed 26 stack frames</div></td></tr></table><p class="totop"><a href="#summary">back to summary</a></p>
<h3 id="m39">opencart.tests.SearchTest#productImagesTest</h3><table class="result"><tr class="param"><th>Parameter #1</th><th>Parameter #2</th><th>Parameter #3</th></tr><tr class="param stripe"><td>Samsung</td><td>Samsung SyncMaster 941BW</td><td>1</td></tr><tr><th colspan="3">Exception</th></tr><tr><td colspan="3"><div class="stacktrace">org.testng.TestNGException: 
Parameter &apos;browser&apos; is required by BeforeTest on method setUp but has not been marked @Optional or defined

... Removed 26 stack frames</div></td></tr></table><p class="totop"><a href="#summary">back to summary</a></p>
<h3 id="m40">opencart.tests.SearchTest#productImagesTest</h3><table class="result"><tr class="param"><th>Parameter #1</th><th>Parameter #2</th><th>Parameter #3</th></tr><tr class="param stripe"><td>Macbook</td><td>MacBook Pro</td><td>4</td></tr><tr><th colspan="3">Exception</th></tr><tr><td colspan="3"><div class="stacktrace">org.testng.TestNGException: 
Parameter &apos;browser&apos; is required by BeforeTest on method setUp but has not been marked @Optional or defined

... Removed 26 stack frames</div></td></tr></table><p class="totop"><a href="#summary">back to summary</a></p>
<h3 id="m41">opencart.tests.SearchTest#productImagesTest</h3><table class="result"><tr class="param"><th>Parameter #1</th><th>Parameter #2</th><th>Parameter #3</th></tr><tr class="param stripe"><td>Samsung</td><td>Samsung Galaxy Tab 10.1</td><td>7</td></tr><tr><th colspan="3">Exception</th></tr><tr><td colspan="3"><div class="stacktrace">org.testng.TestNGException: 
Parameter &apos;browser&apos; is required by BeforeTest on method setUp but has not been marked @Optional or defined

... Removed 26 stack frames</div></td></tr></table><p class="totop"><a href="#summary">back to summary</a></p>
<h3 id="m42">opencart.tests.SearchTest#productImagesTest</h3><table class="result"><tr class="param"><th>Parameter #1</th><th>Parameter #2</th><th>Parameter #3</th></tr><tr class="param stripe"><td>iMac</td><td>iMac</td><td>3</td></tr><tr><th colspan="3">Exception</th></tr><tr><td colspan="3"><div class="stacktrace">org.testng.TestNGException: 
Parameter &apos;browser&apos; is required by BeforeTest on method setUp but has not been marked @Optional or defined

... Removed 26 stack frames</div></td></tr></table><p class="totop"><a href="#summary">back to summary</a></p>
<h3 id="m43">opencart.tests.SearchTest#searchPageTitleTest</h3><table class="result"><tr class="param"><th>Parameter #1</th></tr><tr class="param stripe"><td>Macbook</td></tr><tr><th>Exception</th></tr><tr><td><div class="stacktrace">org.testng.TestNGException: 
Parameter &apos;browser&apos; is required by BeforeTest on method setUp but has not been marked @Optional or defined

... Removed 26 stack frames</div></td></tr></table><p class="totop"><a href="#summary">back to summary</a></p>
<h3 id="m44">opencart.tests.SearchTest#searchPageTitleTest</h3><table class="result"><tr class="param"><th>Parameter #1</th></tr><tr class="param stripe"><td>Samsung</td></tr><tr><th>Exception</th></tr><tr><td><div class="stacktrace">org.testng.TestNGException: 
Parameter &apos;browser&apos; is required by BeforeTest on method setUp but has not been marked @Optional or defined

... Removed 26 stack frames</div></td></tr></table><p class="totop"><a href="#summary">back to summary</a></p>
<h3 id="m45">opencart.tests.SearchTest#searchPageTitleTest</h3><table class="result"><tr class="param"><th>Parameter #1</th></tr><tr class="param stripe"><td>iMac</td></tr><tr><th>Exception</th></tr><tr><td><div class="stacktrace">org.testng.TestNGException: 
Parameter &apos;browser&apos; is required by BeforeTest on method setUp but has not been marked @Optional or defined

... Removed 26 stack frames</div></td></tr></table><p class="totop"><a href="#summary">back to summary</a></p>
<h3 id="m46">opencart.tests.SearchTest#searchProductTest</h3><table class="result"><tr class="param"><th>Parameter #1</th></tr><tr class="param stripe"><td>iMac</td></tr><tr><th>Exception</th></tr><tr><td><div class="stacktrace">org.testng.TestNGException: 
Parameter &apos;browser&apos; is required by BeforeTest on method setUp but has not been marked @Optional or defined

... Removed 26 stack frames</div></td></tr></table><p class="totop"><a href="#summary">back to summary</a></p>
<h3 id="m47">opencart.tests.SearchTest#searchProductTest</h3><table class="result"><tr class="param"><th>Parameter #1</th></tr><tr class="param stripe"><td>Samsung</td></tr><tr><th>Exception</th></tr><tr><td><div class="stacktrace">org.testng.TestNGException: 
Parameter &apos;browser&apos; is required by BeforeTest on method setUp but has not been marked @Optional or defined

... Removed 26 stack frames</div></td></tr></table><p class="totop"><a href="#summary">back to summary</a></p>
<h3 id="m48">opencart.tests.SearchTest#searchProductTest</h3><table class="result"><tr class="param"><th>Parameter #1</th></tr><tr class="param stripe"><td>Macbook</td></tr><tr><th>Exception</th></tr><tr><td><div class="stacktrace">org.testng.TestNGException: 
Parameter &apos;browser&apos; is required by BeforeTest on method setUp but has not been marked @Optional or defined

... Removed 26 stack frames</div></td></tr></table><p class="totop"><a href="#summary">back to summary</a></p>
<h3 id="m49">opencart.tests.SearchTest#selectProductTest</h3><table class="result"><tr class="param"><th>Parameter #1</th><th>Parameter #2</th></tr><tr class="param stripe"><td>Samsung</td><td>Samsung Galaxy Tab 10.1</td></tr><tr><th colspan="2">Exception</th></tr><tr><td colspan="2"><div class="stacktrace">org.testng.TestNGException: 
Parameter &apos;browser&apos; is required by BeforeTest on method setUp but has not been marked @Optional or defined

... Removed 26 stack frames</div></td></tr></table><p class="totop"><a href="#summary">back to summary</a></p>
<h3 id="m50">opencart.tests.SearchTest#selectProductTest</h3><table class="result"><tr class="param"><th>Parameter #1</th><th>Parameter #2</th></tr><tr class="param stripe"><td>Macbook</td><td>MacBook Pro</td></tr><tr><th colspan="2">Exception</th></tr><tr><td colspan="2"><div class="stacktrace">org.testng.TestNGException: 
Parameter &apos;browser&apos; is required by BeforeTest on method setUp but has not been marked @Optional or defined

... Removed 26 stack frames</div></td></tr></table><p class="totop"><a href="#summary">back to summary</a></p>
<h3 id="m51">opencart.tests.SearchTest#selectProductTest</h3><table class="result"><tr class="param"><th>Parameter #1</th><th>Parameter #2</th></tr><tr class="param stripe"><td>iMac</td><td>iMac</td></tr><tr><th colspan="2">Exception</th></tr><tr><td colspan="2"><div class="stacktrace">org.testng.TestNGException: 
Parameter &apos;browser&apos; is required by BeforeTest on method setUp but has not been marked @Optional or defined

... Removed 26 stack frames</div></td></tr></table><p class="totop"><a href="#summary">back to summary</a></p>
<h3 id="m52">opencart.tests.SearchTest#selectProductTest</h3><table class="result"><tr class="param"><th>Parameter #1</th><th>Parameter #2</th></tr><tr class="param stripe"><td>Samsung</td><td>Samsung SyncMaster 941BW</td></tr><tr><th colspan="2">Exception</th></tr><tr><td colspan="2"><div class="stacktrace">org.testng.TestNGException: 
Parameter &apos;browser&apos; is required by BeforeTest on method setUp but has not been marked @Optional or defined

... Removed 26 stack frames</div></td></tr></table><p class="totop"><a href="#summary">back to summary</a></p>
</body>
</html>
