<!DOCTYPE html>

<html>
  <head>
  <meta charset='utf-8'>
  <title>TestNG reports</title>

    <link type="text/css" href="testng-reports1.css" rel="stylesheet" id="ultra" />
    <link type="text/css" href="testng-reports.css" rel="stylesheet" id="retro" disabled="false"/>
    <script type="text/javascript" src="jquery-3.6.0.min.js"></script>
    <script type="text/javascript" src="testng-reports.js"></script>
    <script type="text/javascript" src="https://www.google.com/jsapi"></script>
    <script type='text/javascript'>
      google.load('visualization', '1', {packages:['table']});
      google.setOnLoadCallback(drawTable);
      var suiteTableInitFunctions = new Array();
      var suiteTableData = new Array();
    </script>
    <!--
      <script type="text/javascript" src="jquery-ui/js/jquery-ui-1.8.16.custom.min.js"></script>
     -->
  </head>

  <body>    <div class="top-banner-root">
      <span class="top-banner-title-font">Test results</span>
      <button id="button" class="button">Switch Retro Theme</button> <!-- button -->
      <br/>
      <span class="top-banner-font-1">1 suite</span>
    </div> <!-- top-banner-root -->
    <div class="navigator-root">
      <div class="navigator-suite-header">
        <span>All suites</span>
        <a href="#" title="Collapse/expand all the suites" class="collapse-all-link">
          <img src="collapseall.gif" class="collapse-all-icon">
          </img> <!-- collapse-all-icon -->
        </a> <!-- collapse-all-link -->
      </div> <!-- navigator-suite-header -->
      <div class="suite">
        <div class="rounded-window">
          <div class="suite-header light-rounded-window-top">
            <a href="#" panel-name="suite-Surefire_suite" class="navigator-link">
              <span class="suite-name border-skipped">Surefire suite</span>
            </a> <!-- navigator-link -->
          </div> <!-- suite-header light-rounded-window-top -->
          <div class="navigator-suite-content">
            <div class="suite-section-title">
              <span>Info</span>
            </div> <!-- suite-section-title -->
            <div class="suite-section-content">
              <ul>
                <li>
                  <a href="#" panel-name="test-xml-Surefire_suite" class="navigator-link ">
                    <span>[unset file name]</span>
                  </a> <!-- navigator-link  -->
                </li>
                <li>
                  <a href="#" panel-name="testlist-Surefire_suite" class="navigator-link ">
                    <span class="test-stats">1 test</span>
                  </a> <!-- navigator-link  -->
                </li>
                <li>
                  <a href="#" panel-name="group-Surefire_suite" class="navigator-link ">
                    <span>0 groups</span>
                  </a> <!-- navigator-link  -->
                </li>
                <li>
                  <a href="#" panel-name="times-Surefire_suite" class="navigator-link ">
                    <span>Times</span>
                  </a> <!-- navigator-link  -->
                </li>
                <li>
                  <a href="#" panel-name="reporter-Surefire_suite" class="navigator-link ">
                    <span>Reporter output</span>
                  </a> <!-- navigator-link  -->
                </li>
                <li>
                  <a href="#" panel-name="ignored-methods-Surefire_suite" class="navigator-link ">
                    <span>Ignored methods</span>
                  </a> <!-- navigator-link  -->
                </li>
                <li>
                  <a href="#" panel-name="chronological-Surefire_suite" class="navigator-link ">
                    <span>Chronological view</span>
                  </a> <!-- navigator-link  -->
                </li>
              </ul>
            </div> <!-- suite-section-content -->
            <div class="result-section">
              <div class="suite-section-title">
                <span>Results</span>
              </div> <!-- suite-section-title -->
              <div class="suite-section-content">
                <ul>
                  <li>
                    <span class="method-stats">46 methods,  46 skipped,  </span>
                  </li>
                  <li>
                    <span class="method-list-title skipped">Skipped methods</span>
                    <span class="show-or-hide-methods skipped">
                      <a href="#" panel-name="suite-Surefire_suite" class="hide-methods skipped suite-Surefire_suite"> (hide)</a> <!-- hide-methods skipped suite-Surefire_suite -->
                      <a href="#" panel-name="suite-Surefire_suite" class="show-methods skipped suite-Surefire_suite"> (show)</a> <!-- show-methods skipped suite-Surefire_suite -->
                    </span>
                    <div class="method-list-content skipped suite-Surefire_suite">
                      <span>
                        <img src="skipped.png" width="3%"/>
                        <a href="#" panel-name="suite-Surefire_suite" title="opencart.tests.LoginPageTest" class="method navigator-link" hash-for-method="ForgotPwdLinkExistTest">ForgotPwdLinkExistTest</a> <!-- method navigator-link -->
                      </span>
                      <br/>
                      <span>
                        <img src="skipped.png" width="3%"/>
                        <a href="#" panel-name="suite-Surefire_suite" title="opencart.tests.AccountsPageTest" class="method navigator-link" hash-for-method="accPageHeadersCountTest">accPageHeadersCountTest</a> <!-- method navigator-link -->
                      </span>
                      <br/>
                      <span>
                        <img src="skipped.png" width="3%"/>
                        <a href="#" panel-name="suite-Surefire_suite" title="opencart.tests.AccountsPageTest" class="method navigator-link" hash-for-method="accPageHeadersTest">accPageHeadersTest</a> <!-- method navigator-link -->
                      </span>
                      <br/>
                      <span>
                        <img src="skipped.png" width="3%"/>
                        <a href="#" panel-name="suite-Surefire_suite" title="opencart.tests.AccountsPageTest" class="method navigator-link" hash-for-method="accountsPageTitleTest">accountsPageTitleTest</a> <!-- method navigator-link -->
                      </span>
                      <br/>
                      <span>
                        <img src="skipped.png" width="3%"/>
                        <a href="#" panel-name="suite-Surefire_suite" title="opencart.tests.AccountsPageTest" class="method navigator-link" hash-for-method="isLogoutLinkExistTest">isLogoutLinkExistTest</a> <!-- method navigator-link -->
                      </span>
                      <br/>
                      <span>
                        <img src="skipped.png" width="3%"/>
                        <a href="#" panel-name="suite-Surefire_suite" title="opencart.tests.LoginPageTest" class="method navigator-link" hash-for-method="loginPageTitleTest">loginPageTitleTest</a> <!-- method navigator-link -->
                      </span>
                      <br/>
                      <span>
                        <img src="skipped.png" width="3%"/>
                        <a href="#" panel-name="suite-Surefire_suite" title="opencart.tests.LoginPageTest" class="method navigator-link" hash-for-method="loginPageURLTest">loginPageURLTest</a> <!-- method navigator-link -->
                      </span>
                      <br/>
                      <span>
                        <img src="skipped.png" width="3%"/>
                        <a href="#" panel-name="suite-Surefire_suite" title="opencart.tests.LoginPageTest" class="method navigator-link" hash-for-method="loginTest">loginTest</a> <!-- method navigator-link -->
                      </span>
                      <br/>
                      <span>
                        <img src="skipped.png" width="3%"/>
                        <a href="#" panel-name="suite-Surefire_suite" title="opencart.tests.LoginWithWrongCredentialsTest" class="method navigator-link" hash-for-method="loginWithWrongCredentialsTest(newemail@gmail.com, test@123)">loginWithWrongCredentialsTest(newemail@gmail.com, test@123)</a> <!-- method navigator-link -->
                      </span>
                      <br/>
                      <span>
                        <img src="skipped.png" width="3%"/>
                        <a href="#" panel-name="suite-Surefire_suite" title="opencart.tests.LoginWithWrongCredentialsTest" class="method navigator-link" hash-for-method="loginWithWrongCredentialsTest(freshemail@gmail.com, Test@123)">loginWithWrongCredentialsTest(freshemail@gmail.com, Test@123)</a> <!-- method navigator-link -->
                      </span>
                      <br/>
                      <span>
                        <img src="skipped.png" width="3%"/>
                        <a href="#" panel-name="suite-Surefire_suite" title="opencart.tests.LoginWithWrongCredentialsTest" class="method navigator-link" hash-for-method="loginWithWrongCredentialsTest(demotrial@gmail.com, Test@123)">loginWithWrongCredentialsTest(demotrial@gmail.com, Test@123)</a> <!-- method navigator-link -->
                      </span>
                      <br/>
                      <span>
                        <img src="skipped.png" width="3%"/>
                        <a href="#" panel-name="suite-Surefire_suite" title="opencart.tests.SearchCommonDataTest" class="method navigator-link" hash-for-method="productImagesTest(Product{searchKey=&#039;iMac&#039;, productName=&#039;iMac&#039;, productImages=&#039;3&#039;})">productImagesTest(Product{searchKey='iMac', productName='iMac', productImages='3'})</a> <!-- method navigator-link -->
                      </span>
                      <br/>
                      <span>
                        <img src="skipped.png" width="3%"/>
                        <a href="#" panel-name="suite-Surefire_suite" title="opencart.tests.SearchCommonDataTest" class="method navigator-link" hash-for-method="productImagesTest(Product{searchKey=&#039;Macbook&#039;, productName=&#039;Macbook Pro&#039;, productImages=&#039;4&#039;})">productImagesTest(Product{searchKey='Macbook', productName='Macbook Pro', productImages='4'})</a> <!-- method navigator-link -->
                      </span>
                      <br/>
                      <span>
                        <img src="skipped.png" width="3%"/>
                        <a href="#" panel-name="suite-Surefire_suite" title="opencart.tests.SearchTest" class="method navigator-link" hash-for-method="productImagesTest(Samsung, Samsung SyncMaster 941BW, 1)">productImagesTest(Samsung, Samsung SyncMaster 941BW, 1)</a> <!-- method navigator-link -->
                      </span>
                      <br/>
                      <span>
                        <img src="skipped.png" width="3%"/>
                        <a href="#" panel-name="suite-Surefire_suite" title="opencart.tests.SearchCommonDataTest" class="method navigator-link" hash-for-method="productImagesTest(Product{searchKey=&#039;Samsung&#039;, productName=&#039;Samsung SyncMaster 941BW &#039;, productImages=&#039;1&#039;})">productImagesTest(Product{searchKey='Samsung', productName='Samsung SyncMaster 941BW ', productImages='1'})</a> <!-- method navigator-link -->
                      </span>
                      <br/>
                      <span>
                        <img src="skipped.png" width="3%"/>
                        <a href="#" panel-name="suite-Surefire_suite" title="opencart.tests.SearchTest" class="method navigator-link" hash-for-method="productImagesTest(Macbook, MacBook Pro, 4)">productImagesTest(Macbook, MacBook Pro, 4)</a> <!-- method navigator-link -->
                      </span>
                      <br/>
                      <span>
                        <img src="skipped.png" width="3%"/>
                        <a href="#" panel-name="suite-Surefire_suite" title="opencart.tests.SearchTest" class="method navigator-link" hash-for-method="productImagesTest(Samsung, Samsung Galaxy Tab 10.1, 7)">productImagesTest(Samsung, Samsung Galaxy Tab 10.1, 7)</a> <!-- method navigator-link -->
                      </span>
                      <br/>
                      <span>
                        <img src="skipped.png" width="3%"/>
                        <a href="#" panel-name="suite-Surefire_suite" title="opencart.tests.SearchTest" class="method navigator-link" hash-for-method="productImagesTest(iMac, iMac, 3)">productImagesTest(iMac, iMac, 3)</a> <!-- method navigator-link -->
                      </span>
                      <br/>
                      <span>
                        <img src="skipped.png" width="3%"/>
                        <a href="#" panel-name="suite-Surefire_suite" title="opencart.tests.SearchCommonDataTest" class="method navigator-link" hash-for-method="productImagesTest(Product{searchKey=&#039;Samsung&#039;, productName=&#039;Samsung Galaxy Tab 10.1&#039;, productImages=&#039;7&#039;})">productImagesTest(Product{searchKey='Samsung', productName='Samsung Galaxy Tab 10.1', productImages='7'})</a> <!-- method navigator-link -->
                      </span>
                      <br/>
                      <span>
                        <img src="skipped.png" width="3%"/>
                        <a href="#" panel-name="suite-Surefire_suite" title="opencart.tests.ProductInfoPageTest" class="method navigator-link" hash-for-method="productInfoTest">productInfoTest</a> <!-- method navigator-link -->
                      </span>
                      <br/>
                      <span>
                        <img src="skipped.png" width="3%"/>
                        <a href="#" panel-name="suite-Surefire_suite" title="opencart.tests.SearchCommonDataTest" class="method navigator-link" hash-for-method="searchPageTitleTest(Product{searchKey=&#039;Samsung&#039;, productName=&#039;Samsung Galaxy Tab 10.1&#039;, productImages=&#039;7&#039;})">searchPageTitleTest(Product{searchKey='Samsung', productName='Samsung Galaxy Tab 10.1', productImages='7'})</a> <!-- method navigator-link -->
                      </span>
                      <br/>
                      <span>
                        <img src="skipped.png" width="3%"/>
                        <a href="#" panel-name="suite-Surefire_suite" title="opencart.tests.SearchCommonDataTest" class="method navigator-link" hash-for-method="searchPageTitleTest(Product{searchKey=&#039;Samsung&#039;, productName=&#039;Samsung SyncMaster 941BW &#039;, productImages=&#039;1&#039;})">searchPageTitleTest(Product{searchKey='Samsung', productName='Samsung SyncMaster 941BW ', productImages='1'})</a> <!-- method navigator-link -->
                      </span>
                      <br/>
                      <span>
                        <img src="skipped.png" width="3%"/>
                        <a href="#" panel-name="suite-Surefire_suite" title="opencart.tests.SearchTest" class="method navigator-link" hash-for-method="searchPageTitleTest(Macbook)">searchPageTitleTest(Macbook)</a> <!-- method navigator-link -->
                      </span>
                      <br/>
                      <span>
                        <img src="skipped.png" width="3%"/>
                        <a href="#" panel-name="suite-Surefire_suite" title="opencart.tests.SearchCommonDataTest" class="method navigator-link" hash-for-method="searchPageTitleTest(Product{searchKey=&#039;Macbook&#039;, productName=&#039;Macbook Pro&#039;, productImages=&#039;4&#039;})">searchPageTitleTest(Product{searchKey='Macbook', productName='Macbook Pro', productImages='4'})</a> <!-- method navigator-link -->
                      </span>
                      <br/>
                      <span>
                        <img src="skipped.png" width="3%"/>
                        <a href="#" panel-name="suite-Surefire_suite" title="opencart.tests.SearchCommonDataTest" class="method navigator-link" hash-for-method="searchPageTitleTest(Product{searchKey=&#039;iMac&#039;, productName=&#039;iMac&#039;, productImages=&#039;3&#039;})">searchPageTitleTest(Product{searchKey='iMac', productName='iMac', productImages='3'})</a> <!-- method navigator-link -->
                      </span>
                      <br/>
                      <span>
                        <img src="skipped.png" width="3%"/>
                        <a href="#" panel-name="suite-Surefire_suite" title="opencart.tests.SearchTest" class="method navigator-link" hash-for-method="searchPageTitleTest(Samsung)">searchPageTitleTest(Samsung)</a> <!-- method navigator-link -->
                      </span>
                      <br/>
                      <span>
                        <img src="skipped.png" width="3%"/>
                        <a href="#" panel-name="suite-Surefire_suite" title="opencart.tests.SearchTest" class="method navigator-link" hash-for-method="searchPageTitleTest(iMac)">searchPageTitleTest(iMac)</a> <!-- method navigator-link -->
                      </span>
                      <br/>
                      <span>
                        <img src="skipped.png" width="3%"/>
                        <a href="#" panel-name="suite-Surefire_suite" title="opencart.tests.SearchCommonDataTest" class="method navigator-link" hash-for-method="searchProductResultCountTest(Product{searchKey=&#039;Samsung&#039;, productName=&#039;Samsung Galaxy Tab 10.1&#039;, productImages=&#039;7&#039;})">searchProductResultCountTest(Product{searchKey='Samsung', productName='Samsung Galaxy Tab 10.1', productImages='7'})</a> <!-- method navigator-link -->
                      </span>
                      <br/>
                      <span>
                        <img src="skipped.png" width="3%"/>
                        <a href="#" panel-name="suite-Surefire_suite" title="opencart.tests.SearchCommonDataTest" class="method navigator-link" hash-for-method="searchProductResultCountTest(Product{searchKey=&#039;iMac&#039;, productName=&#039;iMac&#039;, productImages=&#039;3&#039;})">searchProductResultCountTest(Product{searchKey='iMac', productName='iMac', productImages='3'})</a> <!-- method navigator-link -->
                      </span>
                      <br/>
                      <span>
                        <img src="skipped.png" width="3%"/>
                        <a href="#" panel-name="suite-Surefire_suite" title="opencart.tests.SearchCommonDataTest" class="method navigator-link" hash-for-method="searchProductResultCountTest(Product{searchKey=&#039;Samsung&#039;, productName=&#039;Samsung SyncMaster 941BW &#039;, productImages=&#039;1&#039;})">searchProductResultCountTest(Product{searchKey='Samsung', productName='Samsung SyncMaster 941BW ', productImages='1'})</a> <!-- method navigator-link -->
                      </span>
                      <br/>
                      <span>
                        <img src="skipped.png" width="3%"/>
                        <a href="#" panel-name="suite-Surefire_suite" title="opencart.tests.SearchCommonDataTest" class="method navigator-link" hash-for-method="searchProductResultCountTest(Product{searchKey=&#039;Macbook&#039;, productName=&#039;Macbook Pro&#039;, productImages=&#039;4&#039;})">searchProductResultCountTest(Product{searchKey='Macbook', productName='Macbook Pro', productImages='4'})</a> <!-- method navigator-link -->
                      </span>
                      <br/>
                      <span>
                        <img src="skipped.png" width="3%"/>
                        <a href="#" panel-name="suite-Surefire_suite" title="opencart.tests.SearchTest" class="method navigator-link" hash-for-method="searchProductTest(iMac)">searchProductTest(iMac)</a> <!-- method navigator-link -->
                      </span>
                      <br/>
                      <span>
                        <img src="skipped.png" width="3%"/>
                        <a href="#" panel-name="suite-Surefire_suite" title="opencart.tests.SearchTest" class="method navigator-link" hash-for-method="searchProductTest(Samsung)">searchProductTest(Samsung)</a> <!-- method navigator-link -->
                      </span>
                      <br/>
                      <span>
                        <img src="skipped.png" width="3%"/>
                        <a href="#" panel-name="suite-Surefire_suite" title="opencart.tests.SearchTest" class="method navigator-link" hash-for-method="searchProductTest(Macbook)">searchProductTest(Macbook)</a> <!-- method navigator-link -->
                      </span>
                      <br/>
                      <span>
                        <img src="skipped.png" width="3%"/>
                        <a href="#" panel-name="suite-Surefire_suite" title="opencart.tests.SearchCommonDataTest" class="method navigator-link" hash-for-method="selectProductTest(Product{searchKey=&#039;Samsung&#039;, productName=&#039;Samsung Galaxy Tab 10.1&#039;, productImages=&#039;7&#039;})">selectProductTest(Product{searchKey='Samsung', productName='Samsung Galaxy Tab 10.1', productImages='7'})</a> <!-- method navigator-link -->
                      </span>
                      <br/>
                      <span>
                        <img src="skipped.png" width="3%"/>
                        <a href="#" panel-name="suite-Surefire_suite" title="opencart.tests.SearchTest" class="method navigator-link" hash-for-method="selectProductTest(Samsung, Samsung Galaxy Tab 10.1)">selectProductTest(Samsung, Samsung Galaxy Tab 10.1)</a> <!-- method navigator-link -->
                      </span>
                      <br/>
                      <span>
                        <img src="skipped.png" width="3%"/>
                        <a href="#" panel-name="suite-Surefire_suite" title="opencart.tests.SearchTest" class="method navigator-link" hash-for-method="selectProductTest(Macbook, MacBook Pro)">selectProductTest(Macbook, MacBook Pro)</a> <!-- method navigator-link -->
                      </span>
                      <br/>
                      <span>
                        <img src="skipped.png" width="3%"/>
                        <a href="#" panel-name="suite-Surefire_suite" title="opencart.tests.SearchTest" class="method navigator-link" hash-for-method="selectProductTest(iMac, iMac)">selectProductTest(iMac, iMac)</a> <!-- method navigator-link -->
                      </span>
                      <br/>
                      <span>
                        <img src="skipped.png" width="3%"/>
                        <a href="#" panel-name="suite-Surefire_suite" title="opencart.tests.SearchCommonDataTest" class="method navigator-link" hash-for-method="selectProductTest(Product{searchKey=&#039;Samsung&#039;, productName=&#039;Samsung SyncMaster 941BW &#039;, productImages=&#039;1&#039;})">selectProductTest(Product{searchKey='Samsung', productName='Samsung SyncMaster 941BW ', productImages='1'})</a> <!-- method navigator-link -->
                      </span>
                      <br/>
                      <span>
                        <img src="skipped.png" width="3%"/>
                        <a href="#" panel-name="suite-Surefire_suite" title="opencart.tests.SearchTest" class="method navigator-link" hash-for-method="selectProductTest(Samsung, Samsung SyncMaster 941BW)">selectProductTest(Samsung, Samsung SyncMaster 941BW)</a> <!-- method navigator-link -->
                      </span>
                      <br/>
                      <span>
                        <img src="skipped.png" width="3%"/>
                        <a href="#" panel-name="suite-Surefire_suite" title="opencart.tests.SearchCommonDataTest" class="method navigator-link" hash-for-method="selectProductTest(Product{searchKey=&#039;Macbook&#039;, productName=&#039;Macbook Pro&#039;, productImages=&#039;4&#039;})">selectProductTest(Product{searchKey='Macbook', productName='Macbook Pro', productImages='4'})</a> <!-- method navigator-link -->
                      </span>
                      <br/>
                      <span>
                        <img src="skipped.png" width="3%"/>
                        <a href="#" panel-name="suite-Surefire_suite" title="opencart.tests.SearchCommonDataTest" class="method navigator-link" hash-for-method="selectProductTest(Product{searchKey=&#039;iMac&#039;, productName=&#039;iMac&#039;, productImages=&#039;3&#039;})">selectProductTest(Product{searchKey='iMac', productName='iMac', productImages='3'})</a> <!-- method navigator-link -->
                      </span>
                      <br/>
                      <span>
                        <img src="skipped.png" width="3%"/>
                        <a href="#" panel-name="suite-Surefire_suite" title="opencart.tests.RegisterPageTest" class="method navigator-link" hash-for-method="userRegisterTest(shali, Sharma, 9.862231098E9, Test@123, Yes)">userRegisterTest(shali, Sharma, 9.862231098E9, Test@123, Yes)</a> <!-- method navigator-link -->
                      </span>
                      <br/>
                      <span>
                        <img src="skipped.png" width="3%"/>
                        <a href="#" panel-name="suite-Surefire_suite" title="opencart.tests.RegisterPageTest" class="method navigator-link" hash-for-method="userRegisterTest(Anju, Gupta, 7.898986767E9, Test@123, No)">userRegisterTest(Anju, Gupta, 7.898986767E9, Test@123, No)</a> <!-- method navigator-link -->
                      </span>
                      <br/>
                      <span>
                        <img src="skipped.png" width="3%"/>
                        <a href="#" panel-name="suite-Surefire_suite" title="opencart.tests.RegisterPageTest" class="method navigator-link" hash-for-method="userRegisterTest(Prajakta, Kohli, 8.907701111E9, Test@123, Yes)">userRegisterTest(Prajakta, Kohli, 8.907701111E9, Test@123, Yes)</a> <!-- method navigator-link -->
                      </span>
                      <br/>
                      <span>
                        <img src="skipped.png" width="3%"/>
                        <a href="#" panel-name="suite-Surefire_suite" title="opencart.tests.RegisterPageTest" class="method navigator-link" hash-for-method="userRegisterTest(Vijay, Kumar, 7.805564324E9, Test@123, No)">userRegisterTest(Vijay, Kumar, 7.805564324E9, Test@123, No)</a> <!-- method navigator-link -->
                      </span>
                      <br/>
                    </div> <!-- method-list-content skipped suite-Surefire_suite -->
                  </li>
                </ul>
              </div> <!-- suite-section-content -->
            </div> <!-- result-section -->
          </div> <!-- navigator-suite-content -->
        </div> <!-- rounded-window -->
      </div> <!-- suite -->
    </div> <!-- navigator-root -->
    <div class="wrapper">
      <div class="main-panel-root">
        <div panel-name="suite-Surefire_suite" class="panel Surefire_suite">
          <div class="suite-Surefire_suite-class-skipped">
            <div class="main-panel-header rounded-window-top">
              <img src="skipped.png"/>
              <span class="class-name">opencart.tests.AccountsPageTest</span>
            </div> <!-- main-panel-header rounded-window-top -->
            <div class="main-panel-content rounded-window-bottom">
              <div class="method">
                <div class="method-content">
                  <a name="accPageHeadersCountTest">
                  </a> <!-- accPageHeadersCountTest -->
                  <span class="method-name">accPageHeadersCountTest</span>
                  <div class="stack-trace">org.testng.TestNGException: 
Parameter &apos;browser&apos; is required by BeforeTest on method setUp but has not been marked @Optional or defined

... Removed 26 stack frames
</div> <!-- stack-trace -->
                </div> <!-- method-content -->
              </div> <!-- method -->
              <div class="method">
                <div class="method-content">
                  <a name="accPageHeadersTest">
                  </a> <!-- accPageHeadersTest -->
                  <span class="method-name">accPageHeadersTest</span>
                  <div class="stack-trace">org.testng.TestNGException: 
Parameter &apos;browser&apos; is required by BeforeTest on method setUp but has not been marked @Optional or defined

... Removed 26 stack frames
</div> <!-- stack-trace -->
                </div> <!-- method-content -->
              </div> <!-- method -->
              <div class="method">
                <div class="method-content">
                  <a name="accountsPageTitleTest">
                  </a> <!-- accountsPageTitleTest -->
                  <span class="method-name">accountsPageTitleTest</span>
                  <div class="stack-trace">org.testng.TestNGException: 
Parameter &apos;browser&apos; is required by BeforeTest on method setUp but has not been marked @Optional or defined

... Removed 26 stack frames
</div> <!-- stack-trace -->
                </div> <!-- method-content -->
              </div> <!-- method -->
              <div class="method">
                <div class="method-content">
                  <a name="isLogoutLinkExistTest">
                  </a> <!-- isLogoutLinkExistTest -->
                  <span class="method-name">isLogoutLinkExistTest</span>
                  <div class="stack-trace">org.testng.TestNGException: 
Parameter &apos;browser&apos; is required by BeforeTest on method setUp but has not been marked @Optional or defined

... Removed 26 stack frames
</div> <!-- stack-trace -->
                </div> <!-- method-content -->
              </div> <!-- method -->
            </div> <!-- main-panel-content rounded-window-bottom -->
          </div> <!-- suite-Surefire_suite-class-skipped -->
          <div class="suite-Surefire_suite-class-skipped">
            <div class="main-panel-header rounded-window-top">
              <img src="skipped.png"/>
              <span class="class-name">opencart.tests.LoginWithWrongCredentialsTest</span>
            </div> <!-- main-panel-header rounded-window-top -->
            <div class="main-panel-content rounded-window-bottom">
              <div class="method">
                <div class="method-content">
                  <a name="loginWithWrongCredentialsTest(newemail@gmail.com, test@123)">
                  </a> <!-- loginWithWrongCredentialsTest(newemail@gmail.com, test@123) -->
                  <span class="method-name">loginWithWrongCredentialsTest</span>
                  <span class="parameters">(newemail@gmail.com,test@123)</span>
                  <div class="stack-trace">org.testng.TestNGException: 
Parameter &apos;browser&apos; is required by BeforeTest on method setUp but has not been marked @Optional or defined

... Removed 26 stack frames
</div> <!-- stack-trace -->
                </div> <!-- method-content -->
              </div> <!-- method -->
              <div class="method">
                <div class="method-content">
                  <a name="loginWithWrongCredentialsTest(freshemail@gmail.com, Test@123)">
                  </a> <!-- loginWithWrongCredentialsTest(freshemail@gmail.com, Test@123) -->
                  <span class="method-name">loginWithWrongCredentialsTest</span>
                  <span class="parameters">(freshemail@gmail.com,Test@123)</span>
                  <div class="stack-trace">org.testng.TestNGException: 
Parameter &apos;browser&apos; is required by BeforeTest on method setUp but has not been marked @Optional or defined

... Removed 26 stack frames
</div> <!-- stack-trace -->
                </div> <!-- method-content -->
              </div> <!-- method -->
              <div class="method">
                <div class="method-content">
                  <a name="loginWithWrongCredentialsTest(demotrial@gmail.com, Test@123)">
                  </a> <!-- loginWithWrongCredentialsTest(demotrial@gmail.com, Test@123) -->
                  <span class="method-name">loginWithWrongCredentialsTest</span>
                  <span class="parameters">(demotrial@gmail.com,Test@123)</span>
                  <div class="stack-trace">org.testng.TestNGException: 
Parameter &apos;browser&apos; is required by BeforeTest on method setUp but has not been marked @Optional or defined

... Removed 26 stack frames
</div> <!-- stack-trace -->
                </div> <!-- method-content -->
              </div> <!-- method -->
            </div> <!-- main-panel-content rounded-window-bottom -->
          </div> <!-- suite-Surefire_suite-class-skipped -->
          <div class="suite-Surefire_suite-class-skipped">
            <div class="main-panel-header rounded-window-top">
              <img src="skipped.png"/>
              <span class="class-name">opencart.tests.LoginPageTest</span>
            </div> <!-- main-panel-header rounded-window-top -->
            <div class="main-panel-content rounded-window-bottom">
              <div class="method">
                <div class="method-content">
                  <a name="ForgotPwdLinkExistTest">
                  </a> <!-- ForgotPwdLinkExistTest -->
                  <span class="method-name">ForgotPwdLinkExistTest</span>
                  <div class="stack-trace">org.testng.TestNGException: 
Parameter &apos;browser&apos; is required by BeforeTest on method setUp but has not been marked @Optional or defined

... Removed 26 stack frames
</div> <!-- stack-trace -->
                </div> <!-- method-content -->
              </div> <!-- method -->
              <div class="method">
                <div class="method-content">
                  <a name="loginPageTitleTest">
                  </a> <!-- loginPageTitleTest -->
                  <span class="method-name">loginPageTitleTest</span>
                  <div class="stack-trace">org.testng.TestNGException: 
Parameter &apos;browser&apos; is required by BeforeTest on method setUp but has not been marked @Optional or defined

... Removed 26 stack frames
</div> <!-- stack-trace -->
                </div> <!-- method-content -->
              </div> <!-- method -->
              <div class="method">
                <div class="method-content">
                  <a name="loginPageURLTest">
                  </a> <!-- loginPageURLTest -->
                  <span class="method-name">loginPageURLTest</span>
                  <div class="stack-trace">org.testng.TestNGException: 
Parameter &apos;browser&apos; is required by BeforeTest on method setUp but has not been marked @Optional or defined

... Removed 26 stack frames
</div> <!-- stack-trace -->
                </div> <!-- method-content -->
              </div> <!-- method -->
              <div class="method">
                <div class="method-content">
                  <a name="loginTest">
                  </a> <!-- loginTest -->
                  <span class="method-name">loginTest</span>
                  <div class="stack-trace">org.testng.TestNGException: 
Parameter &apos;browser&apos; is required by BeforeTest on method setUp but has not been marked @Optional or defined

... Removed 26 stack frames
</div> <!-- stack-trace -->
                </div> <!-- method-content -->
              </div> <!-- method -->
            </div> <!-- main-panel-content rounded-window-bottom -->
          </div> <!-- suite-Surefire_suite-class-skipped -->
          <div class="suite-Surefire_suite-class-skipped">
            <div class="main-panel-header rounded-window-top">
              <img src="skipped.png"/>
              <span class="class-name">opencart.tests.SearchTest</span>
            </div> <!-- main-panel-header rounded-window-top -->
            <div class="main-panel-content rounded-window-bottom">
              <div class="method">
                <div class="method-content">
                  <a name="productImagesTest(Samsung, Samsung SyncMaster 941BW, 1)">
                  </a> <!-- productImagesTest(Samsung, Samsung SyncMaster 941BW, 1) -->
                  <span class="method-name">productImagesTest</span>
                  <span class="parameters">(Samsung,Samsung SyncMaster 941BW,1)</span>
                  <div class="stack-trace">org.testng.TestNGException: 
Parameter &apos;browser&apos; is required by BeforeTest on method setUp but has not been marked @Optional or defined

... Removed 26 stack frames
</div> <!-- stack-trace -->
                </div> <!-- method-content -->
              </div> <!-- method -->
              <div class="method">
                <div class="method-content">
                  <a name="productImagesTest(Macbook, MacBook Pro, 4)">
                  </a> <!-- productImagesTest(Macbook, MacBook Pro, 4) -->
                  <span class="method-name">productImagesTest</span>
                  <span class="parameters">(Macbook,MacBook Pro,4)</span>
                  <div class="stack-trace">org.testng.TestNGException: 
Parameter &apos;browser&apos; is required by BeforeTest on method setUp but has not been marked @Optional or defined

... Removed 26 stack frames
</div> <!-- stack-trace -->
                </div> <!-- method-content -->
              </div> <!-- method -->
              <div class="method">
                <div class="method-content">
                  <a name="productImagesTest(Samsung, Samsung Galaxy Tab 10.1, 7)">
                  </a> <!-- productImagesTest(Samsung, Samsung Galaxy Tab 10.1, 7) -->
                  <span class="method-name">productImagesTest</span>
                  <span class="parameters">(Samsung,Samsung Galaxy Tab 10.1,7)</span>
                  <div class="stack-trace">org.testng.TestNGException: 
Parameter &apos;browser&apos; is required by BeforeTest on method setUp but has not been marked @Optional or defined

... Removed 26 stack frames
</div> <!-- stack-trace -->
                </div> <!-- method-content -->
              </div> <!-- method -->
              <div class="method">
                <div class="method-content">
                  <a name="productImagesTest(iMac, iMac, 3)">
                  </a> <!-- productImagesTest(iMac, iMac, 3) -->
                  <span class="method-name">productImagesTest</span>
                  <span class="parameters">(iMac,iMac,3)</span>
                  <div class="stack-trace">org.testng.TestNGException: 
Parameter &apos;browser&apos; is required by BeforeTest on method setUp but has not been marked @Optional or defined

... Removed 26 stack frames
</div> <!-- stack-trace -->
                </div> <!-- method-content -->
              </div> <!-- method -->
              <div class="method">
                <div class="method-content">
                  <a name="searchPageTitleTest(Macbook)">
                  </a> <!-- searchPageTitleTest(Macbook) -->
                  <span class="method-name">searchPageTitleTest</span>
                  <span class="parameters">(Macbook)</span>
                  <div class="stack-trace">org.testng.TestNGException: 
Parameter &apos;browser&apos; is required by BeforeTest on method setUp but has not been marked @Optional or defined

... Removed 26 stack frames
</div> <!-- stack-trace -->
                </div> <!-- method-content -->
              </div> <!-- method -->
              <div class="method">
                <div class="method-content">
                  <a name="searchPageTitleTest(Samsung)">
                  </a> <!-- searchPageTitleTest(Samsung) -->
                  <span class="method-name">searchPageTitleTest</span>
                  <span class="parameters">(Samsung)</span>
                  <div class="stack-trace">org.testng.TestNGException: 
Parameter &apos;browser&apos; is required by BeforeTest on method setUp but has not been marked @Optional or defined

... Removed 26 stack frames
</div> <!-- stack-trace -->
                </div> <!-- method-content -->
              </div> <!-- method -->
              <div class="method">
                <div class="method-content">
                  <a name="searchPageTitleTest(iMac)">
                  </a> <!-- searchPageTitleTest(iMac) -->
                  <span class="method-name">searchPageTitleTest</span>
                  <span class="parameters">(iMac)</span>
                  <div class="stack-trace">org.testng.TestNGException: 
Parameter &apos;browser&apos; is required by BeforeTest on method setUp but has not been marked @Optional or defined

... Removed 26 stack frames
</div> <!-- stack-trace -->
                </div> <!-- method-content -->
              </div> <!-- method -->
              <div class="method">
                <div class="method-content">
                  <a name="searchProductTest(iMac)">
                  </a> <!-- searchProductTest(iMac) -->
                  <span class="method-name">searchProductTest</span>
                  <span class="parameters">(iMac)</span>
                  <div class="stack-trace">org.testng.TestNGException: 
Parameter &apos;browser&apos; is required by BeforeTest on method setUp but has not been marked @Optional or defined

... Removed 26 stack frames
</div> <!-- stack-trace -->
                </div> <!-- method-content -->
              </div> <!-- method -->
              <div class="method">
                <div class="method-content">
                  <a name="searchProductTest(Samsung)">
                  </a> <!-- searchProductTest(Samsung) -->
                  <span class="method-name">searchProductTest</span>
                  <span class="parameters">(Samsung)</span>
                  <div class="stack-trace">org.testng.TestNGException: 
Parameter &apos;browser&apos; is required by BeforeTest on method setUp but has not been marked @Optional or defined

... Removed 26 stack frames
</div> <!-- stack-trace -->
                </div> <!-- method-content -->
              </div> <!-- method -->
              <div class="method">
                <div class="method-content">
                  <a name="searchProductTest(Macbook)">
                  </a> <!-- searchProductTest(Macbook) -->
                  <span class="method-name">searchProductTest</span>
                  <span class="parameters">(Macbook)</span>
                  <div class="stack-trace">org.testng.TestNGException: 
Parameter &apos;browser&apos; is required by BeforeTest on method setUp but has not been marked @Optional or defined

... Removed 26 stack frames
</div> <!-- stack-trace -->
                </div> <!-- method-content -->
              </div> <!-- method -->
              <div class="method">
                <div class="method-content">
                  <a name="selectProductTest(Samsung, Samsung Galaxy Tab 10.1)">
                  </a> <!-- selectProductTest(Samsung, Samsung Galaxy Tab 10.1) -->
                  <span class="method-name">selectProductTest</span>
                  <span class="parameters">(Samsung,Samsung Galaxy Tab 10.1)</span>
                  <div class="stack-trace">org.testng.TestNGException: 
Parameter &apos;browser&apos; is required by BeforeTest on method setUp but has not been marked @Optional or defined

... Removed 26 stack frames
</div> <!-- stack-trace -->
                </div> <!-- method-content -->
              </div> <!-- method -->
              <div class="method">
                <div class="method-content">
                  <a name="selectProductTest(Macbook, MacBook Pro)">
                  </a> <!-- selectProductTest(Macbook, MacBook Pro) -->
                  <span class="method-name">selectProductTest</span>
                  <span class="parameters">(Macbook,MacBook Pro)</span>
                  <div class="stack-trace">org.testng.TestNGException: 
Parameter &apos;browser&apos; is required by BeforeTest on method setUp but has not been marked @Optional or defined

... Removed 26 stack frames
</div> <!-- stack-trace -->
                </div> <!-- method-content -->
              </div> <!-- method -->
              <div class="method">
                <div class="method-content">
                  <a name="selectProductTest(iMac, iMac)">
                  </a> <!-- selectProductTest(iMac, iMac) -->
                  <span class="method-name">selectProductTest</span>
                  <span class="parameters">(iMac,iMac)</span>
                  <div class="stack-trace">org.testng.TestNGException: 
Parameter &apos;browser&apos; is required by BeforeTest on method setUp but has not been marked @Optional or defined

... Removed 26 stack frames
</div> <!-- stack-trace -->
                </div> <!-- method-content -->
              </div> <!-- method -->
              <div class="method">
                <div class="method-content">
                  <a name="selectProductTest(Samsung, Samsung SyncMaster 941BW)">
                  </a> <!-- selectProductTest(Samsung, Samsung SyncMaster 941BW) -->
                  <span class="method-name">selectProductTest</span>
                  <span class="parameters">(Samsung,Samsung SyncMaster 941BW)</span>
                  <div class="stack-trace">org.testng.TestNGException: 
Parameter &apos;browser&apos; is required by BeforeTest on method setUp but has not been marked @Optional or defined

... Removed 26 stack frames
</div> <!-- stack-trace -->
                </div> <!-- method-content -->
              </div> <!-- method -->
            </div> <!-- main-panel-content rounded-window-bottom -->
          </div> <!-- suite-Surefire_suite-class-skipped -->
          <div class="suite-Surefire_suite-class-skipped">
            <div class="main-panel-header rounded-window-top">
              <img src="skipped.png"/>
              <span class="class-name">opencart.tests.ProductInfoPageTest</span>
            </div> <!-- main-panel-header rounded-window-top -->
            <div class="main-panel-content rounded-window-bottom">
              <div class="method">
                <div class="method-content">
                  <a name="productInfoTest">
                  </a> <!-- productInfoTest -->
                  <span class="method-name">productInfoTest</span>
                  <div class="stack-trace">org.testng.TestNGException: 
Parameter &apos;browser&apos; is required by BeforeTest on method setUp but has not been marked @Optional or defined

... Removed 26 stack frames
</div> <!-- stack-trace -->
                </div> <!-- method-content -->
              </div> <!-- method -->
            </div> <!-- main-panel-content rounded-window-bottom -->
          </div> <!-- suite-Surefire_suite-class-skipped -->
          <div class="suite-Surefire_suite-class-skipped">
            <div class="main-panel-header rounded-window-top">
              <img src="skipped.png"/>
              <span class="class-name">opencart.tests.SearchCommonDataTest</span>
            </div> <!-- main-panel-header rounded-window-top -->
            <div class="main-panel-content rounded-window-bottom">
              <div class="method">
                <div class="method-content">
                  <a name="productImagesTest(Product{searchKey=&#039;iMac&#039;, productName=&#039;iMac&#039;, productImages=&#039;3&#039;})">
                  </a> <!-- productImagesTest(Product{searchKey='iMac', productName='iMac', productImages='3'}) -->
                  <span class="method-name">productImagesTest</span>
                  <span class="parameters">(Product{searchKey='iMac', productName='iMac', productImages='3'})</span>
                  <div class="stack-trace">org.testng.TestNGException: 
Parameter &apos;browser&apos; is required by BeforeTest on method setUp but has not been marked @Optional or defined

... Removed 26 stack frames
</div> <!-- stack-trace -->
                </div> <!-- method-content -->
              </div> <!-- method -->
              <div class="method">
                <div class="method-content">
                  <a name="productImagesTest(Product{searchKey=&#039;Macbook&#039;, productName=&#039;Macbook Pro&#039;, productImages=&#039;4&#039;})">
                  </a> <!-- productImagesTest(Product{searchKey='Macbook', productName='Macbook Pro', productImages='4'}) -->
                  <span class="method-name">productImagesTest</span>
                  <span class="parameters">(Product{searchKey='Macbook', productName='Macbook Pro', productImages='4'})</span>
                  <div class="stack-trace">org.testng.TestNGException: 
Parameter &apos;browser&apos; is required by BeforeTest on method setUp but has not been marked @Optional or defined

... Removed 26 stack frames
</div> <!-- stack-trace -->
                </div> <!-- method-content -->
              </div> <!-- method -->
              <div class="method">
                <div class="method-content">
                  <a name="productImagesTest(Product{searchKey=&#039;Samsung&#039;, productName=&#039;Samsung SyncMaster 941BW &#039;, productImages=&#039;1&#039;})">
                  </a> <!-- productImagesTest(Product{searchKey='Samsung', productName='Samsung SyncMaster 941BW ', productImages='1'}) -->
                  <span class="method-name">productImagesTest</span>
                  <span class="parameters">(Product{searchKey='Samsung', productName='Samsung SyncMaster 941BW ', productImages='1'})</span>
                  <div class="stack-trace">org.testng.TestNGException: 
Parameter &apos;browser&apos; is required by BeforeTest on method setUp but has not been marked @Optional or defined

... Removed 26 stack frames
</div> <!-- stack-trace -->
                </div> <!-- method-content -->
              </div> <!-- method -->
              <div class="method">
                <div class="method-content">
                  <a name="productImagesTest(Product{searchKey=&#039;Samsung&#039;, productName=&#039;Samsung Galaxy Tab 10.1&#039;, productImages=&#039;7&#039;})">
                  </a> <!-- productImagesTest(Product{searchKey='Samsung', productName='Samsung Galaxy Tab 10.1', productImages='7'}) -->
                  <span class="method-name">productImagesTest</span>
                  <span class="parameters">(Product{searchKey='Samsung', productName='Samsung Galaxy Tab 10.1', productImages='7'})</span>
                  <div class="stack-trace">org.testng.TestNGException: 
Parameter &apos;browser&apos; is required by BeforeTest on method setUp but has not been marked @Optional or defined

... Removed 26 stack frames
</div> <!-- stack-trace -->
                </div> <!-- method-content -->
              </div> <!-- method -->
              <div class="method">
                <div class="method-content">
                  <a name="searchPageTitleTest(Product{searchKey=&#039;Samsung&#039;, productName=&#039;Samsung Galaxy Tab 10.1&#039;, productImages=&#039;7&#039;})">
                  </a> <!-- searchPageTitleTest(Product{searchKey='Samsung', productName='Samsung Galaxy Tab 10.1', productImages='7'}) -->
                  <span class="method-name">searchPageTitleTest</span>
                  <span class="parameters">(Product{searchKey='Samsung', productName='Samsung Galaxy Tab 10.1', productImages='7'})</span>
                  <div class="stack-trace">org.testng.TestNGException: 
Parameter &apos;browser&apos; is required by BeforeTest on method setUp but has not been marked @Optional or defined

... Removed 26 stack frames
</div> <!-- stack-trace -->
                </div> <!-- method-content -->
              </div> <!-- method -->
              <div class="method">
                <div class="method-content">
                  <a name="searchPageTitleTest(Product{searchKey=&#039;Samsung&#039;, productName=&#039;Samsung SyncMaster 941BW &#039;, productImages=&#039;1&#039;})">
                  </a> <!-- searchPageTitleTest(Product{searchKey='Samsung', productName='Samsung SyncMaster 941BW ', productImages='1'}) -->
                  <span class="method-name">searchPageTitleTest</span>
                  <span class="parameters">(Product{searchKey='Samsung', productName='Samsung SyncMaster 941BW ', productImages='1'})</span>
                  <div class="stack-trace">org.testng.TestNGException: 
Parameter &apos;browser&apos; is required by BeforeTest on method setUp but has not been marked @Optional or defined

... Removed 26 stack frames
</div> <!-- stack-trace -->
                </div> <!-- method-content -->
              </div> <!-- method -->
              <div class="method">
                <div class="method-content">
                  <a name="searchPageTitleTest(Product{searchKey=&#039;Macbook&#039;, productName=&#039;Macbook Pro&#039;, productImages=&#039;4&#039;})">
                  </a> <!-- searchPageTitleTest(Product{searchKey='Macbook', productName='Macbook Pro', productImages='4'}) -->
                  <span class="method-name">searchPageTitleTest</span>
                  <span class="parameters">(Product{searchKey='Macbook', productName='Macbook Pro', productImages='4'})</span>
                  <div class="stack-trace">org.testng.TestNGException: 
Parameter &apos;browser&apos; is required by BeforeTest on method setUp but has not been marked @Optional or defined

... Removed 26 stack frames
</div> <!-- stack-trace -->
                </div> <!-- method-content -->
              </div> <!-- method -->
              <div class="method">
                <div class="method-content">
                  <a name="searchPageTitleTest(Product{searchKey=&#039;iMac&#039;, productName=&#039;iMac&#039;, productImages=&#039;3&#039;})">
                  </a> <!-- searchPageTitleTest(Product{searchKey='iMac', productName='iMac', productImages='3'}) -->
                  <span class="method-name">searchPageTitleTest</span>
                  <span class="parameters">(Product{searchKey='iMac', productName='iMac', productImages='3'})</span>
                  <div class="stack-trace">org.testng.TestNGException: 
Parameter &apos;browser&apos; is required by BeforeTest on method setUp but has not been marked @Optional or defined

... Removed 26 stack frames
</div> <!-- stack-trace -->
                </div> <!-- method-content -->
              </div> <!-- method -->
              <div class="method">
                <div class="method-content">
                  <a name="searchProductResultCountTest(Product{searchKey=&#039;Samsung&#039;, productName=&#039;Samsung Galaxy Tab 10.1&#039;, productImages=&#039;7&#039;})">
                  </a> <!-- searchProductResultCountTest(Product{searchKey='Samsung', productName='Samsung Galaxy Tab 10.1', productImages='7'}) -->
                  <span class="method-name">searchProductResultCountTest</span>
                  <span class="parameters">(Product{searchKey='Samsung', productName='Samsung Galaxy Tab 10.1', productImages='7'})</span>
                  <div class="stack-trace">org.testng.TestNGException: 
Parameter &apos;browser&apos; is required by BeforeTest on method setUp but has not been marked @Optional or defined

... Removed 26 stack frames
</div> <!-- stack-trace -->
                </div> <!-- method-content -->
              </div> <!-- method -->
              <div class="method">
                <div class="method-content">
                  <a name="searchProductResultCountTest(Product{searchKey=&#039;iMac&#039;, productName=&#039;iMac&#039;, productImages=&#039;3&#039;})">
                  </a> <!-- searchProductResultCountTest(Product{searchKey='iMac', productName='iMac', productImages='3'}) -->
                  <span class="method-name">searchProductResultCountTest</span>
                  <span class="parameters">(Product{searchKey='iMac', productName='iMac', productImages='3'})</span>
                  <div class="stack-trace">org.testng.TestNGException: 
Parameter &apos;browser&apos; is required by BeforeTest on method setUp but has not been marked @Optional or defined

... Removed 26 stack frames
</div> <!-- stack-trace -->
                </div> <!-- method-content -->
              </div> <!-- method -->
              <div class="method">
                <div class="method-content">
                  <a name="searchProductResultCountTest(Product{searchKey=&#039;Samsung&#039;, productName=&#039;Samsung SyncMaster 941BW &#039;, productImages=&#039;1&#039;})">
                  </a> <!-- searchProductResultCountTest(Product{searchKey='Samsung', productName='Samsung SyncMaster 941BW ', productImages='1'}) -->
                  <span class="method-name">searchProductResultCountTest</span>
                  <span class="parameters">(Product{searchKey='Samsung', productName='Samsung SyncMaster 941BW ', productImages='1'})</span>
                  <div class="stack-trace">org.testng.TestNGException: 
Parameter &apos;browser&apos; is required by BeforeTest on method setUp but has not been marked @Optional or defined

... Removed 26 stack frames
</div> <!-- stack-trace -->
                </div> <!-- method-content -->
              </div> <!-- method -->
              <div class="method">
                <div class="method-content">
                  <a name="searchProductResultCountTest(Product{searchKey=&#039;Macbook&#039;, productName=&#039;Macbook Pro&#039;, productImages=&#039;4&#039;})">
                  </a> <!-- searchProductResultCountTest(Product{searchKey='Macbook', productName='Macbook Pro', productImages='4'}) -->
                  <span class="method-name">searchProductResultCountTest</span>
                  <span class="parameters">(Product{searchKey='Macbook', productName='Macbook Pro', productImages='4'})</span>
                  <div class="stack-trace">org.testng.TestNGException: 
Parameter &apos;browser&apos; is required by BeforeTest on method setUp but has not been marked @Optional or defined

... Removed 26 stack frames
</div> <!-- stack-trace -->
                </div> <!-- method-content -->
              </div> <!-- method -->
              <div class="method">
                <div class="method-content">
                  <a name="selectProductTest(Product{searchKey=&#039;Samsung&#039;, productName=&#039;Samsung Galaxy Tab 10.1&#039;, productImages=&#039;7&#039;})">
                  </a> <!-- selectProductTest(Product{searchKey='Samsung', productName='Samsung Galaxy Tab 10.1', productImages='7'}) -->
                  <span class="method-name">selectProductTest</span>
                  <span class="parameters">(Product{searchKey='Samsung', productName='Samsung Galaxy Tab 10.1', productImages='7'})</span>
                  <div class="stack-trace">org.testng.TestNGException: 
Parameter &apos;browser&apos; is required by BeforeTest on method setUp but has not been marked @Optional or defined

... Removed 26 stack frames
</div> <!-- stack-trace -->
                </div> <!-- method-content -->
              </div> <!-- method -->
              <div class="method">
                <div class="method-content">
                  <a name="selectProductTest(Product{searchKey=&#039;Samsung&#039;, productName=&#039;Samsung SyncMaster 941BW &#039;, productImages=&#039;1&#039;})">
                  </a> <!-- selectProductTest(Product{searchKey='Samsung', productName='Samsung SyncMaster 941BW ', productImages='1'}) -->
                  <span class="method-name">selectProductTest</span>
                  <span class="parameters">(Product{searchKey='Samsung', productName='Samsung SyncMaster 941BW ', productImages='1'})</span>
                  <div class="stack-trace">org.testng.TestNGException: 
Parameter &apos;browser&apos; is required by BeforeTest on method setUp but has not been marked @Optional or defined

... Removed 26 stack frames
</div> <!-- stack-trace -->
                </div> <!-- method-content -->
              </div> <!-- method -->
              <div class="method">
                <div class="method-content">
                  <a name="selectProductTest(Product{searchKey=&#039;Macbook&#039;, productName=&#039;Macbook Pro&#039;, productImages=&#039;4&#039;})">
                  </a> <!-- selectProductTest(Product{searchKey='Macbook', productName='Macbook Pro', productImages='4'}) -->
                  <span class="method-name">selectProductTest</span>
                  <span class="parameters">(Product{searchKey='Macbook', productName='Macbook Pro', productImages='4'})</span>
                  <div class="stack-trace">org.testng.TestNGException: 
Parameter &apos;browser&apos; is required by BeforeTest on method setUp but has not been marked @Optional or defined

... Removed 26 stack frames
</div> <!-- stack-trace -->
                </div> <!-- method-content -->
              </div> <!-- method -->
              <div class="method">
                <div class="method-content">
                  <a name="selectProductTest(Product{searchKey=&#039;iMac&#039;, productName=&#039;iMac&#039;, productImages=&#039;3&#039;})">
                  </a> <!-- selectProductTest(Product{searchKey='iMac', productName='iMac', productImages='3'}) -->
                  <span class="method-name">selectProductTest</span>
                  <span class="parameters">(Product{searchKey='iMac', productName='iMac', productImages='3'})</span>
                  <div class="stack-trace">org.testng.TestNGException: 
Parameter &apos;browser&apos; is required by BeforeTest on method setUp but has not been marked @Optional or defined

... Removed 26 stack frames
</div> <!-- stack-trace -->
                </div> <!-- method-content -->
              </div> <!-- method -->
            </div> <!-- main-panel-content rounded-window-bottom -->
          </div> <!-- suite-Surefire_suite-class-skipped -->
          <div class="suite-Surefire_suite-class-skipped">
            <div class="main-panel-header rounded-window-top">
              <img src="skipped.png"/>
              <span class="class-name">opencart.tests.RegisterPageTest</span>
            </div> <!-- main-panel-header rounded-window-top -->
            <div class="main-panel-content rounded-window-bottom">
              <div class="method">
                <div class="method-content">
                  <a name="userRegisterTest(shali, Sharma, 9.862231098E9, Test@123, Yes)">
                  </a> <!-- userRegisterTest(shali, Sharma, 9.862231098E9, Test@123, Yes) -->
                  <span class="method-name">userRegisterTest</span>
                  <span class="parameters">(shali,Sharma,9.862231098E9,Test@123,Yes)</span>
                  <div class="stack-trace">org.testng.TestNGException: 
Parameter &apos;browser&apos; is required by BeforeTest on method setUp but has not been marked @Optional or defined

... Removed 26 stack frames
</div> <!-- stack-trace -->
                </div> <!-- method-content -->
              </div> <!-- method -->
              <div class="method">
                <div class="method-content">
                  <a name="userRegisterTest(Anju, Gupta, 7.898986767E9, Test@123, No)">
                  </a> <!-- userRegisterTest(Anju, Gupta, 7.898986767E9, Test@123, No) -->
                  <span class="method-name">userRegisterTest</span>
                  <span class="parameters">(Anju,Gupta,7.898986767E9,Test@123,No)</span>
                  <div class="stack-trace">org.testng.TestNGException: 
Parameter &apos;browser&apos; is required by BeforeTest on method setUp but has not been marked @Optional or defined

... Removed 26 stack frames
</div> <!-- stack-trace -->
                </div> <!-- method-content -->
              </div> <!-- method -->
              <div class="method">
                <div class="method-content">
                  <a name="userRegisterTest(Prajakta, Kohli, 8.907701111E9, Test@123, Yes)">
                  </a> <!-- userRegisterTest(Prajakta, Kohli, 8.907701111E9, Test@123, Yes) -->
                  <span class="method-name">userRegisterTest</span>
                  <span class="parameters">(Prajakta,Kohli,8.907701111E9,Test@123,Yes)</span>
                  <div class="stack-trace">org.testng.TestNGException: 
Parameter &apos;browser&apos; is required by BeforeTest on method setUp but has not been marked @Optional or defined

... Removed 26 stack frames
</div> <!-- stack-trace -->
                </div> <!-- method-content -->
              </div> <!-- method -->
              <div class="method">
                <div class="method-content">
                  <a name="userRegisterTest(Vijay, Kumar, 7.805564324E9, Test@123, No)">
                  </a> <!-- userRegisterTest(Vijay, Kumar, 7.805564324E9, Test@123, No) -->
                  <span class="method-name">userRegisterTest</span>
                  <span class="parameters">(Vijay,Kumar,7.805564324E9,Test@123,No)</span>
                  <div class="stack-trace">org.testng.TestNGException: 
Parameter &apos;browser&apos; is required by BeforeTest on method setUp but has not been marked @Optional or defined

... Removed 26 stack frames
</div> <!-- stack-trace -->
                </div> <!-- method-content -->
              </div> <!-- method -->
            </div> <!-- main-panel-content rounded-window-bottom -->
          </div> <!-- suite-Surefire_suite-class-skipped -->
        </div> <!-- panel Surefire_suite -->
        <div panel-name="test-xml-Surefire_suite" class="panel">
          <div class="main-panel-header rounded-window-top">
          </div> <!-- main-panel-header rounded-window-top -->
          <div class="main-panel-content rounded-window-bottom">
            <pre>
&lt;?xml version=&quot;1.0&quot; encoding=&quot;UTF-8&quot;?&gt;
&lt;!DOCTYPE suite SYSTEM &quot;https://testng.org/testng-1.0.dtd&quot;&gt;
&lt;suite name=&quot;Surefire suite&quot; verbose=&quot;0&quot;&gt;
  &lt;test thread-count=&quot;5&quot; name=&quot;Surefire test&quot; verbose=&quot;0&quot;&gt;
    &lt;classes&gt;
      &lt;class name=&quot;opencart.base.BaseTest&quot;/&gt;
      &lt;class name=&quot;opencart.tests.AccountsPageTest&quot;/&gt;
      &lt;class name=&quot;opencart.tests.LoginPageTest&quot;/&gt;
      &lt;class name=&quot;opencart.tests.LoginWithWrongCredentialsTest&quot;/&gt;
      &lt;class name=&quot;opencart.tests.ProductInfoPageTest&quot;/&gt;
      &lt;class name=&quot;opencart.tests.RegisterPageTest&quot;/&gt;
      &lt;class name=&quot;opencart.tests.SearchCommonDataTest&quot;/&gt;
      &lt;class name=&quot;opencart.tests.SearchPageTest&quot;/&gt;
      &lt;class name=&quot;opencart.tests.SearchTest&quot;/&gt;
    &lt;/classes&gt;
  &lt;/test&gt; &lt;!-- Surefire test --&gt;
&lt;/suite&gt; &lt;!-- Surefire suite --&gt;
            </pre>
          </div> <!-- main-panel-content rounded-window-bottom -->
        </div> <!-- panel -->
        <div panel-name="testlist-Surefire_suite" class="panel">
          <div class="main-panel-header rounded-window-top">
            <span class="header-content">Tests for Surefire suite</span>
          </div> <!-- main-panel-header rounded-window-top -->
          <div class="main-panel-content rounded-window-bottom">
            <ul>
              <li>
                <span class="test-name">Surefire test (9 classes)</span>
              </li>
            </ul>
          </div> <!-- main-panel-content rounded-window-bottom -->
        </div> <!-- panel -->
        <div panel-name="group-Surefire_suite" class="panel">
          <div class="main-panel-header rounded-window-top">
            <span class="header-content">Groups for Surefire suite</span>
          </div> <!-- main-panel-header rounded-window-top -->
          <div class="main-panel-content rounded-window-bottom">
          </div> <!-- main-panel-content rounded-window-bottom -->
        </div> <!-- panel -->
        <div panel-name="times-Surefire_suite" class="panel">
          <div class="main-panel-header rounded-window-top">
            <span class="header-content">Times for Surefire suite</span>
          </div> <!-- main-panel-header rounded-window-top -->
          <div class="main-panel-content rounded-window-bottom">
            <div class="times-div">
              <script type="text/javascript">
suiteTableInitFunctions.push('tableData_Surefire_suite');
function tableData_Surefire_suite() {
var data = new google.visualization.DataTable();
data.addColumn('number', 'Number');
data.addColumn('string', 'Method');
data.addColumn('string', 'Class');
data.addColumn('number', 'Time (ms)');
data.addRows(46);
data.setCell(0, 0, 0)
data.setCell(0, 1, 'selectProductTest')
data.setCell(0, 2, 'opencart.tests.SearchCommonDataTest')
data.setCell(0, 3, 1);
data.setCell(1, 0, 1)
data.setCell(1, 1, 'searchProductResultCountTest')
data.setCell(1, 2, 'opencart.tests.SearchCommonDataTest')
data.setCell(1, 3, 1);
data.setCell(2, 0, 2)
data.setCell(2, 1, 'searchProductTest')
data.setCell(2, 2, 'opencart.tests.SearchTest')
data.setCell(2, 3, 1);
data.setCell(3, 0, 3)
data.setCell(3, 1, 'accPageHeadersCountTest')
data.setCell(3, 2, 'opencart.tests.AccountsPageTest')
data.setCell(3, 3, 1);
data.setCell(4, 0, 4)
data.setCell(4, 1, 'ForgotPwdLinkExistTest')
data.setCell(4, 2, 'opencart.tests.LoginPageTest')
data.setCell(4, 3, 1);
data.setCell(5, 0, 5)
data.setCell(5, 1, 'loginTest')
data.setCell(5, 2, 'opencart.tests.LoginPageTest')
data.setCell(5, 3, 1);
data.setCell(6, 0, 6)
data.setCell(6, 1, 'accountsPageTitleTest')
data.setCell(6, 2, 'opencart.tests.AccountsPageTest')
data.setCell(6, 3, 1);
data.setCell(7, 0, 7)
data.setCell(7, 1, 'loginWithWrongCredentialsTest')
data.setCell(7, 2, 'opencart.tests.LoginWithWrongCredentialsTest')
data.setCell(7, 3, 1);
data.setCell(8, 0, 8)
data.setCell(8, 1, 'selectProductTest')
data.setCell(8, 2, 'opencart.tests.SearchCommonDataTest')
data.setCell(8, 3, 1);
data.setCell(9, 0, 9)
data.setCell(9, 1, 'loginPageURLTest')
data.setCell(9, 2, 'opencart.tests.LoginPageTest')
data.setCell(9, 3, 0);
data.setCell(10, 0, 10)
data.setCell(10, 1, 'userRegisterTest')
data.setCell(10, 2, 'opencart.tests.RegisterPageTest')
data.setCell(10, 3, 0);
data.setCell(11, 0, 11)
data.setCell(11, 1, 'productImagesTest')
data.setCell(11, 2, 'opencart.tests.SearchCommonDataTest')
data.setCell(11, 3, 0);
data.setCell(12, 0, 12)
data.setCell(12, 1, 'searchProductResultCountTest')
data.setCell(12, 2, 'opencart.tests.SearchCommonDataTest')
data.setCell(12, 3, 0);
data.setCell(13, 0, 13)
data.setCell(13, 1, 'selectProductTest')
data.setCell(13, 2, 'opencart.tests.SearchTest')
data.setCell(13, 3, 0);
data.setCell(14, 0, 14)
data.setCell(14, 1, 'loginWithWrongCredentialsTest')
data.setCell(14, 2, 'opencart.tests.LoginWithWrongCredentialsTest')
data.setCell(14, 3, 0);
data.setCell(15, 0, 15)
data.setCell(15, 1, 'searchPageTitleTest')
data.setCell(15, 2, 'opencart.tests.SearchCommonDataTest')
data.setCell(15, 3, 0);
data.setCell(16, 0, 16)
data.setCell(16, 1, 'userRegisterTest')
data.setCell(16, 2, 'opencart.tests.RegisterPageTest')
data.setCell(16, 3, 0);
data.setCell(17, 0, 17)
data.setCell(17, 1, 'userRegisterTest')
data.setCell(17, 2, 'opencart.tests.RegisterPageTest')
data.setCell(17, 3, 0);
data.setCell(18, 0, 18)
data.setCell(18, 1, 'loginWithWrongCredentialsTest')
data.setCell(18, 2, 'opencart.tests.LoginWithWrongCredentialsTest')
data.setCell(18, 3, 0);
data.setCell(19, 0, 19)
data.setCell(19, 1, 'searchPageTitleTest')
data.setCell(19, 2, 'opencart.tests.SearchCommonDataTest')
data.setCell(19, 3, 0);
data.setCell(20, 0, 20)
data.setCell(20, 1, 'selectProductTest')
data.setCell(20, 2, 'opencart.tests.SearchTest')
data.setCell(20, 3, 0);
data.setCell(21, 0, 21)
data.setCell(21, 1, 'productInfoTest')
data.setCell(21, 2, 'opencart.tests.ProductInfoPageTest')
data.setCell(21, 3, 0);
data.setCell(22, 0, 22)
data.setCell(22, 1, 'searchPageTitleTest')
data.setCell(22, 2, 'opencart.tests.SearchTest')
data.setCell(22, 3, 0);
data.setCell(23, 0, 23)
data.setCell(23, 1, 'searchPageTitleTest')
data.setCell(23, 2, 'opencart.tests.SearchCommonDataTest')
data.setCell(23, 3, 0);
data.setCell(24, 0, 24)
data.setCell(24, 1, 'searchPageTitleTest')
data.setCell(24, 2, 'opencart.tests.SearchCommonDataTest')
data.setCell(24, 3, 0);
data.setCell(25, 0, 25)
data.setCell(25, 1, 'productImagesTest')
data.setCell(25, 2, 'opencart.tests.SearchCommonDataTest')
data.setCell(25, 3, 0);
data.setCell(26, 0, 26)
data.setCell(26, 1, 'productImagesTest')
data.setCell(26, 2, 'opencart.tests.SearchTest')
data.setCell(26, 3, 0);
data.setCell(27, 0, 27)
data.setCell(27, 1, 'searchPageTitleTest')
data.setCell(27, 2, 'opencart.tests.SearchTest')
data.setCell(27, 3, 0);
data.setCell(28, 0, 28)
data.setCell(28, 1, 'selectProductTest')
data.setCell(28, 2, 'opencart.tests.SearchTest')
data.setCell(28, 3, 0);
data.setCell(29, 0, 29)
data.setCell(29, 1, 'selectProductTest')
data.setCell(29, 2, 'opencart.tests.SearchCommonDataTest')
data.setCell(29, 3, 0);
data.setCell(30, 0, 30)
data.setCell(30, 1, 'accPageHeadersTest')
data.setCell(30, 2, 'opencart.tests.AccountsPageTest')
data.setCell(30, 3, 0);
data.setCell(31, 0, 31)
data.setCell(31, 1, 'selectProductTest')
data.setCell(31, 2, 'opencart.tests.SearchTest')
data.setCell(31, 3, 0);
data.setCell(32, 0, 32)
data.setCell(32, 1, 'productImagesTest')
data.setCell(32, 2, 'opencart.tests.SearchCommonDataTest')
data.setCell(32, 3, 0);
data.setCell(33, 0, 33)
data.setCell(33, 1, 'searchProductTest')
data.setCell(33, 2, 'opencart.tests.SearchTest')
data.setCell(33, 3, 0);
data.setCell(34, 0, 34)
data.setCell(34, 1, 'productImagesTest')
data.setCell(34, 2, 'opencart.tests.SearchTest')
data.setCell(34, 3, 0);
data.setCell(35, 0, 35)
data.setCell(35, 1, 'loginPageTitleTest')
data.setCell(35, 2, 'opencart.tests.LoginPageTest')
data.setCell(35, 3, 0);
data.setCell(36, 0, 36)
data.setCell(36, 1, 'isLogoutLinkExistTest')
data.setCell(36, 2, 'opencart.tests.AccountsPageTest')
data.setCell(36, 3, 0);
data.setCell(37, 0, 37)
data.setCell(37, 1, 'selectProductTest')
data.setCell(37, 2, 'opencart.tests.SearchCommonDataTest')
data.setCell(37, 3, 0);
data.setCell(38, 0, 38)
data.setCell(38, 1, 'productImagesTest')
data.setCell(38, 2, 'opencart.tests.SearchTest')
data.setCell(38, 3, 0);
data.setCell(39, 0, 39)
data.setCell(39, 1, 'searchProductResultCountTest')
data.setCell(39, 2, 'opencart.tests.SearchCommonDataTest')
data.setCell(39, 3, 0);
data.setCell(40, 0, 40)
data.setCell(40, 1, 'productImagesTest')
data.setCell(40, 2, 'opencart.tests.SearchTest')
data.setCell(40, 3, 0);
data.setCell(41, 0, 41)
data.setCell(41, 1, 'searchProductTest')
data.setCell(41, 2, 'opencart.tests.SearchTest')
data.setCell(41, 3, 0);
data.setCell(42, 0, 42)
data.setCell(42, 1, 'userRegisterTest')
data.setCell(42, 2, 'opencart.tests.RegisterPageTest')
data.setCell(42, 3, 0);
data.setCell(43, 0, 43)
data.setCell(43, 1, 'productImagesTest')
data.setCell(43, 2, 'opencart.tests.SearchCommonDataTest')
data.setCell(43, 3, 0);
data.setCell(44, 0, 44)
data.setCell(44, 1, 'searchPageTitleTest')
data.setCell(44, 2, 'opencart.tests.SearchTest')
data.setCell(44, 3, 0);
data.setCell(45, 0, 45)
data.setCell(45, 1, 'searchProductResultCountTest')
data.setCell(45, 2, 'opencart.tests.SearchCommonDataTest')
data.setCell(45, 3, 0);
window.suiteTableData['Surefire_suite']= { tableData: data, tableDiv: 'times-div-Surefire_suite'}
return data;
}
              </script>
              <span class="suite-total-time">Total running time: 9 ms</span>
              <div id="times-div-Surefire_suite">
              </div> <!-- times-div-Surefire_suite -->
            </div> <!-- times-div -->
          </div> <!-- main-panel-content rounded-window-bottom -->
        </div> <!-- panel -->
        <div panel-name="reporter-Surefire_suite" class="panel">
          <div class="main-panel-header rounded-window-top">
            <span class="header-content">Reporter output for Surefire suite</span>
          </div> <!-- main-panel-header rounded-window-top -->
          <div class="main-panel-content rounded-window-bottom">
          </div> <!-- main-panel-content rounded-window-bottom -->
        </div> <!-- panel -->
        <div panel-name="ignored-methods-Surefire_suite" class="panel">
          <div class="main-panel-header rounded-window-top">
            <span class="header-content">14 ignored methods</span>
          </div> <!-- main-panel-header rounded-window-top -->
          <div class="main-panel-content rounded-window-bottom">
            <div class="ignored-class-div">
              <span class="ignored-class-name">opencart.tests.AccountsPageTest</span>
              <div class="ignored-methods-div">
                <span class="ignored-method-name">tearDown</span>
                <br/>
                <span class="ignored-method-name">setUp</span>
                <br/>
              </div> <!-- ignored-methods-div -->
            </div> <!-- ignored-class-div -->
            <div class="ignored-class-div">
              <span class="ignored-class-name">opencart.tests.LoginWithWrongCredentialsTest</span>
              <div class="ignored-methods-div">
                <span class="ignored-method-name">setUp</span>
                <br/>
                <span class="ignored-method-name">tearDown</span>
                <br/>
              </div> <!-- ignored-methods-div -->
            </div> <!-- ignored-class-div -->
            <div class="ignored-class-div">
              <span class="ignored-class-name">opencart.tests.LoginPageTest</span>
              <div class="ignored-methods-div">
                <span class="ignored-method-name">tearDown</span>
                <br/>
                <span class="ignored-method-name">setUp</span>
                <br/>
              </div> <!-- ignored-methods-div -->
            </div> <!-- ignored-class-div -->
            <div class="ignored-class-div">
              <span class="ignored-class-name">opencart.tests.SearchTest</span>
              <div class="ignored-methods-div">
                <span class="ignored-method-name">tearDown</span>
                <br/>
                <span class="ignored-method-name">setUp</span>
                <br/>
              </div> <!-- ignored-methods-div -->
            </div> <!-- ignored-class-div -->
            <div class="ignored-class-div">
              <span class="ignored-class-name">opencart.tests.ProductInfoPageTest</span>
              <div class="ignored-methods-div">
                <span class="ignored-method-name">setUp</span>
                <br/>
                <span class="ignored-method-name">tearDown</span>
                <br/>
              </div> <!-- ignored-methods-div -->
            </div> <!-- ignored-class-div -->
            <div class="ignored-class-div">
              <span class="ignored-class-name">opencart.tests.SearchCommonDataTest</span>
              <div class="ignored-methods-div">
                <span class="ignored-method-name">setUp</span>
                <br/>
                <span class="ignored-method-name">tearDown</span>
                <br/>
              </div> <!-- ignored-methods-div -->
            </div> <!-- ignored-class-div -->
            <div class="ignored-class-div">
              <span class="ignored-class-name">opencart.tests.RegisterPageTest</span>
              <div class="ignored-methods-div">
                <span class="ignored-method-name">setUp</span>
                <br/>
                <span class="ignored-method-name">tearDown</span>
                <br/>
              </div> <!-- ignored-methods-div -->
            </div> <!-- ignored-class-div -->
          </div> <!-- main-panel-content rounded-window-bottom -->
        </div> <!-- panel -->
        <div panel-name="chronological-Surefire_suite" class="panel">
          <div class="main-panel-header rounded-window-top">
            <span class="header-content">Methods in chronological order</span>
          </div> <!-- main-panel-header rounded-window-top -->
          <div class="main-panel-content rounded-window-bottom">
          </div> <!-- main-panel-content rounded-window-bottom -->
        </div> <!-- panel -->
      </div> <!-- main-panel-root -->
    </div> <!-- wrapper -->
  </body>
<script type="text/javascript" src="testng-reports2.js"></script>
</html>
