<?xml version="1.0" encoding="UTF-8"?>
<testsuite xmlns:xsi="http://www.w3.org/2001/XMLSchema-instance" xsi:noNamespaceSchemaLocation="https://maven.apache.org/surefire/maven-surefire-plugin/xsd/surefire-test-report-3.0.xsd" version="3.0" name="TestSuite" time="3.595" tests="53" errors="0" skipped="52" failures="1">
  <properties>
[...]
</properties>
  <testcase name="setUp" classname="opencart.base.BaseTest" time="1.089">
    <failure message="&#10;Parameter &apos;browser&apos; is required by BeforeTest on method setUp but has not been marked @Optional or defined&#10;" type="org.testng.TestNGException"><![CDATA[org.testng.TestNGException: 

Parameter 'browser' is required by BeforeTest on method setUp but has not been marked @Optional or defined

	at org.testng.internal.Parameters.createParams(Parameters.java:264)
	at org.testng.internal.Parameters.createParametersForMethod(Parameters.java:352)
	at org.testng.internal.Parameters.createParameters(Parameters.java:690)
	at org.testng.internal.Parameters.createConfigurationParameters(Parameters.java:163)
	at org.testng.internal.invokers.ConfigInvoker.invokeConfigurations(ConfigInvoker.java:313)
	at org.testng.TestRunner.invokeTestConfigurations(TestRunner.java:655)
	at org.testng.TestRunner.beforeRun(TestRunner.java:644)
	at org.testng.TestRunner.run(TestRunner.java:610)
	at org.testng.SuiteRunner.runTest(SuiteRunner.java:421)
	at org.testng.SuiteRunner.runSequentially(SuiteRunner.java:413)
	at org.testng.SuiteRunner.privateRun(SuiteRunner.java:373)
	at org.testng.SuiteRunner.run(SuiteRunner.java:312)
	at org.testng.SuiteRunnerWorker.runSuite(SuiteRunnerWorker.java:52)
	at org.testng.SuiteRunnerWorker.run(SuiteRunnerWorker.java:95)
	at org.testng.TestNG.runSuitesSequentially(TestNG.java:1274)
	at org.testng.TestNG.runSuitesLocally(TestNG.java:1208)
	at org.testng.TestNG.runSuites(TestNG.java:1112)
	at org.testng.TestNG.run(TestNG.java:1079)
	at org.apache.maven.surefire.testng.TestNGExecutor.run(TestNGExecutor.java:155)
	at org.apache.maven.surefire.testng.TestNGDirectoryTestSuite.executeMulti(TestNGDirectoryTestSuite.java:169)
	at org.apache.maven.surefire.testng.TestNGDirectoryTestSuite.execute(TestNGDirectoryTestSuite.java:88)
	at org.apache.maven.surefire.testng.TestNGProvider.invoke(TestNGProvider.java:137)
	at org.apache.maven.surefire.booter.ForkedBooter.runSuitesInProcess(ForkedBooter.java:385)
	at org.apache.maven.surefire.booter.ForkedBooter.execute(ForkedBooter.java:162)
	at org.apache.maven.surefire.booter.ForkedBooter.run(ForkedBooter.java:507)
	at org.apache.maven.surefire.booter.ForkedBooter.main(ForkedBooter.java:495)
]]></failure>
    <system-err><![CDATA[SLF4J: Failed to load class "org.slf4j.impl.StaticLoggerBinder".
SLF4J: Defaulting to no-operation (NOP) logger implementation
SLF4J: See http://www.slf4j.org/codes.html#StaticLoggerBinder for further details.
]]></system-err>
  </testcase>
  <testcase name="tearDown" classname="opencart.base.BaseTest" time="0.0">
    <skipped/>
  </testcase>
  <testcase name="accPageSetup" classname="opencart.tests.AccountsPageTest" time="0.0">
    <skipped/>
  </testcase>
  <testcase name="accPageHeadersCountTest" classname="opencart.tests.AccountsPageTest" time="0.0">
    <skipped message="&#10;Parameter &apos;browser&apos; is required by BeforeTest on method setUp but has not been marked @Optional or defined&#10;"/>
  </testcase>
  <testcase name="accPageHeadersTest" classname="opencart.tests.AccountsPageTest" time="0.0">
    <skipped message="&#10;Parameter &apos;browser&apos; is required by BeforeTest on method setUp but has not been marked @Optional or defined&#10;"/>
  </testcase>
  <testcase name="accountsPageTitleTest" classname="opencart.tests.AccountsPageTest" time="0.0">
    <skipped message="&#10;Parameter &apos;browser&apos; is required by BeforeTest on method setUp but has not been marked @Optional or defined&#10;"/>
  </testcase>
  <testcase name="isLogoutLinkExistTest" classname="opencart.tests.AccountsPageTest" time="0.0">
    <skipped message="&#10;Parameter &apos;browser&apos; is required by BeforeTest on method setUp but has not been marked @Optional or defined&#10;"/>
  </testcase>
  <testcase name="ForgotPwdLinkExistTest" classname="opencart.tests.LoginPageTest" time="0.0">
    <skipped message="&#10;Parameter &apos;browser&apos; is required by BeforeTest on method setUp but has not been marked @Optional or defined&#10;"/>
  </testcase>
  <testcase name="loginPageTitleTest" classname="opencart.tests.LoginPageTest" time="0.0">
    <skipped message="&#10;Parameter &apos;browser&apos; is required by BeforeTest on method setUp but has not been marked @Optional or defined&#10;"/>
  </testcase>
  <testcase name="loginPageURLTest" classname="opencart.tests.LoginPageTest" time="0.0">
    <skipped message="&#10;Parameter &apos;browser&apos; is required by BeforeTest on method setUp but has not been marked @Optional or defined&#10;"/>
  </testcase>
  <testcase name="loginTest" classname="opencart.tests.LoginPageTest" time="0.0">
    <skipped message="&#10;Parameter &apos;browser&apos; is required by BeforeTest on method setUp but has not been marked @Optional or defined&#10;"/>
  </testcase>
  <testcase name="loginWithWrongCredentialsTest[newemail@gmail.com, test@123](1)" classname="opencart.tests.LoginWithWrongCredentialsTest" time="0.0">
    <skipped message="&#10;Parameter &apos;browser&apos; is required by BeforeTest on method setUp but has not been marked @Optional or defined&#10;"/>
  </testcase>
  <testcase name="loginWithWrongCredentialsTest[demotrial@gmail.com, Test@123](2)" classname="opencart.tests.LoginWithWrongCredentialsTest" time="0.0">
    <skipped message="&#10;Parameter &apos;browser&apos; is required by BeforeTest on method setUp but has not been marked @Optional or defined&#10;"/>
  </testcase>
  <testcase name="loginWithWrongCredentialsTest[freshemail@gmail.com, Test@123](3)" classname="opencart.tests.LoginWithWrongCredentialsTest" time="0.0">
    <skipped message="&#10;Parameter &apos;browser&apos; is required by BeforeTest on method setUp but has not been marked @Optional or defined&#10;"/>
  </testcase>
  <testcase name="productInfoPageSetup" classname="opencart.tests.ProductInfoPageTest" time="0.0">
    <skipped/>
  </testcase>
  <testcase name="productInfoTest" classname="opencart.tests.ProductInfoPageTest" time="0.0">
    <skipped message="&#10;Parameter &apos;browser&apos; is required by BeforeTest on method setUp but has not been marked @Optional or defined&#10;"/>
  </testcase>
  <testcase name="regSetUp" classname="opencart.tests.RegisterPageTest" time="0.0">
    <skipped/>
  </testcase>
  <testcase name="userRegisterTest[shali, Sharma, 9.862231098E9, Test@123, Yes](1)" classname="opencart.tests.RegisterPageTest" time="0.0">
    <skipped message="&#10;Parameter &apos;browser&apos; is required by BeforeTest on method setUp but has not been marked @Optional or defined&#10;"/>
    <system-out><![CDATA[Reading Excel data from sheet: Sheet1
]]></system-out>
    <system-err><![CDATA[ERROR StatusLogger Log4j2 could not find a logging implementation. Please add log4j-core to the classpath. Using SimpleLogger to log to the console...
]]></system-err>
  </testcase>
  <testcase name="userRegisterTest[Anju, Gupta, 7.898986767E9, Test@123, No](2)" classname="opencart.tests.RegisterPageTest" time="0.0">
    <skipped message="&#10;Parameter &apos;browser&apos; is required by BeforeTest on method setUp but has not been marked @Optional or defined&#10;"/>
  </testcase>
  <testcase name="userRegisterTest[Prajakta, Kohli, 8.907701111E9, Test@123, Yes](3)" classname="opencart.tests.RegisterPageTest" time="0.0">
    <skipped message="&#10;Parameter &apos;browser&apos; is required by BeforeTest on method setUp but has not been marked @Optional or defined&#10;"/>
  </testcase>
  <testcase name="userRegisterTest[Vijay, Kumar, 7.805564324E9, Test@123, No](4)" classname="opencart.tests.RegisterPageTest" time="0.0">
    <skipped message="&#10;Parameter &apos;browser&apos; is required by BeforeTest on method setUp but has not been marked @Optional or defined&#10;"/>
  </testcase>
  <testcase name="searchSetup" classname="opencart.tests.SearchCommonDataTest" time="0.0">
    <skipped/>
  </testcase>
  <testcase name="searchProductResultCountTest[Product{searchKey=&apos;Macbook&apos;, productName=&apos;Macbook Pro&apos;, productImages=&apos;4&apos;}](1)" classname="opencart.tests.SearchCommonDataTest" time="0.0">
    <skipped message="&#10;Parameter &apos;browser&apos; is required by BeforeTest on method setUp but has not been marked @Optional or defined&#10;"/>
  </testcase>
  <testcase name="searchProductResultCountTest[Product{searchKey=&apos;iMac&apos;, productName=&apos;iMac&apos;, productImages=&apos;3&apos;}](2)" classname="opencart.tests.SearchCommonDataTest" time="0.0">
    <skipped message="&#10;Parameter &apos;browser&apos; is required by BeforeTest on method setUp but has not been marked @Optional or defined&#10;"/>
  </testcase>
  <testcase name="searchProductResultCountTest[Product{searchKey=&apos;Samsung&apos;, productName=&apos;Samsung Galaxy Tab 10.1&apos;, productImages=&apos;7&apos;}](3)" classname="opencart.tests.SearchCommonDataTest" time="0.0">
    <skipped message="&#10;Parameter &apos;browser&apos; is required by BeforeTest on method setUp but has not been marked @Optional or defined&#10;"/>
  </testcase>
  <testcase name="searchProductResultCountTest[Product{searchKey=&apos;Samsung&apos;, productName=&apos;Samsung SyncMaster 941BW &apos;, productImages=&apos;1&apos;}](4)" classname="opencart.tests.SearchCommonDataTest" time="0.0">
    <skipped message="&#10;Parameter &apos;browser&apos; is required by BeforeTest on method setUp but has not been marked @Optional or defined&#10;"/>
  </testcase>
  <testcase name="searchPageTitleTest[Product{searchKey=&apos;Macbook&apos;, productName=&apos;Macbook Pro&apos;, productImages=&apos;4&apos;}](1)" classname="opencart.tests.SearchCommonDataTest" time="0.0">
    <skipped message="&#10;Parameter &apos;browser&apos; is required by BeforeTest on method setUp but has not been marked @Optional or defined&#10;"/>
  </testcase>
  <testcase name="searchPageTitleTest[Product{searchKey=&apos;iMac&apos;, productName=&apos;iMac&apos;, productImages=&apos;3&apos;}](2)" classname="opencart.tests.SearchCommonDataTest" time="0.0">
    <skipped message="&#10;Parameter &apos;browser&apos; is required by BeforeTest on method setUp but has not been marked @Optional or defined&#10;"/>
  </testcase>
  <testcase name="searchPageTitleTest[Product{searchKey=&apos;Samsung&apos;, productName=&apos;Samsung Galaxy Tab 10.1&apos;, productImages=&apos;7&apos;}](3)" classname="opencart.tests.SearchCommonDataTest" time="0.0">
    <skipped message="&#10;Parameter &apos;browser&apos; is required by BeforeTest on method setUp but has not been marked @Optional or defined&#10;"/>
  </testcase>
  <testcase name="searchPageTitleTest[Product{searchKey=&apos;Samsung&apos;, productName=&apos;Samsung SyncMaster 941BW &apos;, productImages=&apos;1&apos;}](4)" classname="opencart.tests.SearchCommonDataTest" time="0.0">
    <skipped message="&#10;Parameter &apos;browser&apos; is required by BeforeTest on method setUp but has not been marked @Optional or defined&#10;"/>
  </testcase>
  <testcase name="selectProductTest[Product{searchKey=&apos;Macbook&apos;, productName=&apos;Macbook Pro&apos;, productImages=&apos;4&apos;}](1)" classname="opencart.tests.SearchCommonDataTest" time="0.0">
    <skipped message="&#10;Parameter &apos;browser&apos; is required by BeforeTest on method setUp but has not been marked @Optional or defined&#10;"/>
  </testcase>
  <testcase name="selectProductTest[Product{searchKey=&apos;iMac&apos;, productName=&apos;iMac&apos;, productImages=&apos;3&apos;}](2)" classname="opencart.tests.SearchCommonDataTest" time="0.0">
    <skipped message="&#10;Parameter &apos;browser&apos; is required by BeforeTest on method setUp but has not been marked @Optional or defined&#10;"/>
  </testcase>
  <testcase name="selectProductTest[Product{searchKey=&apos;Samsung&apos;, productName=&apos;Samsung Galaxy Tab 10.1&apos;, productImages=&apos;7&apos;}](3)" classname="opencart.tests.SearchCommonDataTest" time="0.0">
    <skipped message="&#10;Parameter &apos;browser&apos; is required by BeforeTest on method setUp but has not been marked @Optional or defined&#10;"/>
  </testcase>
  <testcase name="selectProductTest[Product{searchKey=&apos;Samsung&apos;, productName=&apos;Samsung SyncMaster 941BW &apos;, productImages=&apos;1&apos;}](4)" classname="opencart.tests.SearchCommonDataTest" time="0.0">
    <skipped message="&#10;Parameter &apos;browser&apos; is required by BeforeTest on method setUp but has not been marked @Optional or defined&#10;"/>
  </testcase>
  <testcase name="productImagesTest[Product{searchKey=&apos;Macbook&apos;, productName=&apos;Macbook Pro&apos;, productImages=&apos;4&apos;}](1)" classname="opencart.tests.SearchCommonDataTest" time="0.0">
    <skipped message="&#10;Parameter &apos;browser&apos; is required by BeforeTest on method setUp but has not been marked @Optional or defined&#10;"/>
  </testcase>
  <testcase name="productImagesTest[Product{searchKey=&apos;iMac&apos;, productName=&apos;iMac&apos;, productImages=&apos;3&apos;}](2)" classname="opencart.tests.SearchCommonDataTest" time="0.0">
    <skipped message="&#10;Parameter &apos;browser&apos; is required by BeforeTest on method setUp but has not been marked @Optional or defined&#10;"/>
  </testcase>
  <testcase name="productImagesTest[Product{searchKey=&apos;Samsung&apos;, productName=&apos;Samsung Galaxy Tab 10.1&apos;, productImages=&apos;7&apos;}](3)" classname="opencart.tests.SearchCommonDataTest" time="0.0">
    <skipped message="&#10;Parameter &apos;browser&apos; is required by BeforeTest on method setUp but has not been marked @Optional or defined&#10;"/>
  </testcase>
  <testcase name="productImagesTest[Product{searchKey=&apos;Samsung&apos;, productName=&apos;Samsung SyncMaster 941BW &apos;, productImages=&apos;1&apos;}](4)" classname="opencart.tests.SearchCommonDataTest" time="0.0">
    <skipped message="&#10;Parameter &apos;browser&apos; is required by BeforeTest on method setUp but has not been marked @Optional or defined&#10;"/>
  </testcase>
  <testcase name="searchSetup" classname="opencart.tests.SearchTest" time="0.0">
    <skipped/>
  </testcase>
  <testcase name="searchProductTest[Macbook](1)" classname="opencart.tests.SearchTest" time="0.0">
    <skipped message="&#10;Parameter &apos;browser&apos; is required by BeforeTest on method setUp but has not been marked @Optional or defined&#10;"/>
  </testcase>
  <testcase name="searchProductTest[iMac](2)" classname="opencart.tests.SearchTest" time="0.0">
    <skipped message="&#10;Parameter &apos;browser&apos; is required by BeforeTest on method setUp but has not been marked @Optional or defined&#10;"/>
  </testcase>
  <testcase name="searchProductTest[Samsung](3)" classname="opencart.tests.SearchTest" time="0.0">
    <skipped message="&#10;Parameter &apos;browser&apos; is required by BeforeTest on method setUp but has not been marked @Optional or defined&#10;"/>
  </testcase>
  <testcase name="searchPageTitleTest[Macbook](1)" classname="opencart.tests.SearchTest" time="0.0">
    <skipped message="&#10;Parameter &apos;browser&apos; is required by BeforeTest on method setUp but has not been marked @Optional or defined&#10;"/>
  </testcase>
  <testcase name="searchPageTitleTest[iMac](2)" classname="opencart.tests.SearchTest" time="0.0">
    <skipped message="&#10;Parameter &apos;browser&apos; is required by BeforeTest on method setUp but has not been marked @Optional or defined&#10;"/>
  </testcase>
  <testcase name="searchPageTitleTest[Samsung](3)" classname="opencart.tests.SearchTest" time="0.0">
    <skipped message="&#10;Parameter &apos;browser&apos; is required by BeforeTest on method setUp but has not been marked @Optional or defined&#10;"/>
  </testcase>
  <testcase name="selectProductTest[Macbook, MacBook Pro](1)" classname="opencart.tests.SearchTest" time="0.0">
    <skipped message="&#10;Parameter &apos;browser&apos; is required by BeforeTest on method setUp but has not been marked @Optional or defined&#10;"/>
  </testcase>
  <testcase name="selectProductTest[iMac, iMac](2)" classname="opencart.tests.SearchTest" time="0.0">
    <skipped message="&#10;Parameter &apos;browser&apos; is required by BeforeTest on method setUp but has not been marked @Optional or defined&#10;"/>
  </testcase>
  <testcase name="selectProductTest[Samsung, Samsung SyncMaster 941BW](3)" classname="opencart.tests.SearchTest" time="0.0">
    <skipped message="&#10;Parameter &apos;browser&apos; is required by BeforeTest on method setUp but has not been marked @Optional or defined&#10;"/>
  </testcase>
  <testcase name="selectProductTest[Samsung, Samsung Galaxy Tab 10.1](4)" classname="opencart.tests.SearchTest" time="0.0">
    <skipped message="&#10;Parameter &apos;browser&apos; is required by BeforeTest on method setUp but has not been marked @Optional or defined&#10;"/>
  </testcase>
  <testcase name="productImagesTest[Macbook, MacBook Pro, 4](1)" classname="opencart.tests.SearchTest" time="0.0">
    <skipped message="&#10;Parameter &apos;browser&apos; is required by BeforeTest on method setUp but has not been marked @Optional or defined&#10;"/>
  </testcase>
  <testcase name="productImagesTest[iMac, iMac, 3](2)" classname="opencart.tests.SearchTest" time="0.0">
    <skipped message="&#10;Parameter &apos;browser&apos; is required by BeforeTest on method setUp but has not been marked @Optional or defined&#10;"/>
  </testcase>
  <testcase name="productImagesTest[Samsung, Samsung SyncMaster 941BW, 1](3)" classname="opencart.tests.SearchTest" time="0.0">
    <skipped message="&#10;Parameter &apos;browser&apos; is required by BeforeTest on method setUp but has not been marked @Optional or defined&#10;"/>
  </testcase>
  <testcase name="productImagesTest[Samsung, Samsung Galaxy Tab 10.1, 7](4)" classname="opencart.tests.SearchTest" time="0.0">
    <skipped message="&#10;Parameter &apos;browser&apos; is required by BeforeTest on method setUp but has not been marked @Optional or defined&#10;"/>
  </testcase>
</testsuite>