<?xml version="1.0" encoding="UTF-8"?>
<!-- Generated by org.testng.reporters.JUnitReportReporter -->
<testsuite hostname="LAPTOP-C9KSH1RC" failures="0" tests="4" name="opencart.tests.RegisterPageTest" time="0.000" errors="0" timestamp="2025-11-14T19:48:02 IST" skipped="4">
  <testcase classname="opencart.tests.RegisterPageTest" name="userRegisterTest" time="0.000">
    <skipped/>
  </testcase> <!-- userRegisterTest -->
  <testcase classname="opencart.tests.RegisterPageTest" name="userRegisterTest" time="0.000">
    <skipped/>
  </testcase> <!-- userRegisterTest -->
  <testcase classname="opencart.tests.RegisterPageTest" name="userRegisterTest" time="0.000">
    <skipped/>
  </testcase> <!-- userRegisterTest -->
  <testcase classname="opencart.tests.RegisterPageTest" name="userRegisterTest" time="0.000">
    <skipped/>
  </testcase> <!-- userRegisterTest -->
</testsuite> <!-- opencart.tests.RegisterPageTest -->
