<?xml version="1.0" encoding="UTF-8"?>
<!-- Generated by org.testng.reporters.JUnitReportReporter -->
<testsuite hostname="LAPTOP-C9KSH1RC" failures="0" tests="4" name="opencart.tests.LoginPageTest" time="0.002" errors="0" timestamp="2025-11-14T19:48:02 IST" skipped="4">
  <testcase classname="opencart.tests.LoginPageTest" name="loginPageTitleTest" time="0.000">
    <skipped/>
  </testcase> <!-- loginPageTitleTest -->
  <testcase classname="opencart.tests.LoginPageTest" name="loginPageURLTest" time="0.000">
    <skipped/>
  </testcase> <!-- loginPageURLTest -->
  <testcase classname="opencart.tests.LoginPageTest" name="ForgotPwdLinkExistTest" time="0.001">
    <skipped/>
  </testcase> <!-- ForgotPwdLinkExistTest -->
  <testcase classname="opencart.tests.LoginPageTest" name="loginTest" time="0.001">
    <skipped/>
  </testcase> <!-- loginTest -->
</testsuite> <!-- opencart.tests.LoginPageTest -->
