<?xml version="1.0" encoding="UTF-8"?>
<!-- Generated by org.testng.reporters.JUnitReportReporter -->
<testsuite hostname="LAPTOP-C9KSH1RC" failures="0" tests="4" name="opencart.tests.AccountsPageTest" time="0.002" errors="0" timestamp="2025-11-14T19:48:02 IST" skipped="4">
  <testcase classname="opencart.tests.AccountsPageTest" name="accPageHeadersCountTest" time="0.001">
    <skipped/>
  </testcase> <!-- accPageHeadersCountTest -->
  <testcase classname="opencart.tests.AccountsPageTest" name="isLogoutLinkExistTest" time="0.000">
    <skipped/>
  </testcase> <!-- isLogoutLinkExistTest -->
  <testcase classname="opencart.tests.AccountsPageTest" name="accPageHeadersTest" time="0.000">
    <skipped/>
  </testcase> <!-- accPageHeadersTest -->
  <testcase classname="opencart.tests.AccountsPageTest" name="accountsPageTitleTest" time="0.001">
    <skipped/>
  </testcase> <!-- accountsPageTitleTest -->
</testsuite> <!-- opencart.tests.AccountsPageTest -->
