<?xml version="1.0" encoding="UTF-8"?>
<!-- Generated by org.testng.reporters.JUnitReportReporter -->
<testsuite hostname="LAPTOP-C9KSH1RC" failures="0" tests="16" name="opencart.tests.SearchCommonDataTest" time="0.003" errors="0" timestamp="2025-11-14T19:48:02 IST" skipped="16">
  <testcase classname="opencart.tests.SearchCommonDataTest" name="searchProductResultCountTest" time="0.001">
    <skipped/>
  </testcase> <!-- searchProductResultCountTest -->
  <testcase classname="opencart.tests.SearchCommonDataTest" name="searchProductResultCountTest" time="0.000">
    <skipped/>
  </testcase> <!-- searchProductResultCountTest -->
  <testcase classname="opencart.tests.SearchCommonDataTest" name="searchProductResultCountTest" time="0.000">
    <skipped/>
  </testcase> <!-- searchProductResultCountTest -->
  <testcase classname="opencart.tests.SearchCommonDataTest" name="searchProductResultCountTest" time="0.000">
    <skipped/>
  </testcase> <!-- searchProductResultCountTest -->
  <testcase classname="opencart.tests.SearchCommonDataTest" name="searchPageTitleTest" time="0.000">
    <skipped/>
  </testcase> <!-- searchPageTitleTest -->
  <testcase classname="opencart.tests.SearchCommonDataTest" name="searchPageTitleTest" time="0.000">
    <skipped/>
  </testcase> <!-- searchPageTitleTest -->
  <testcase classname="opencart.tests.SearchCommonDataTest" name="searchPageTitleTest" time="0.000">
    <skipped/>
  </testcase> <!-- searchPageTitleTest -->
  <testcase classname="opencart.tests.SearchCommonDataTest" name="searchPageTitleTest" time="0.000">
    <skipped/>
  </testcase> <!-- searchPageTitleTest -->
  <testcase classname="opencart.tests.SearchCommonDataTest" name="selectProductTest" time="0.000">
    <skipped/>
  </testcase> <!-- selectProductTest -->
  <testcase classname="opencart.tests.SearchCommonDataTest" name="selectProductTest" time="0.001">
    <skipped/>
  </testcase> <!-- selectProductTest -->
  <testcase classname="opencart.tests.SearchCommonDataTest" name="selectProductTest" time="0.001">
    <skipped/>
  </testcase> <!-- selectProductTest -->
  <testcase classname="opencart.tests.SearchCommonDataTest" name="selectProductTest" time="0.000">
    <skipped/>
  </testcase> <!-- selectProductTest -->
  <testcase classname="opencart.tests.SearchCommonDataTest" name="productImagesTest" time="0.000">
    <skipped/>
  </testcase> <!-- productImagesTest -->
  <testcase classname="opencart.tests.SearchCommonDataTest" name="productImagesTest" time="0.000">
    <skipped/>
  </testcase> <!-- productImagesTest -->
  <testcase classname="opencart.tests.SearchCommonDataTest" name="productImagesTest" time="0.000">
    <skipped/>
  </testcase> <!-- productImagesTest -->
  <testcase classname="opencart.tests.SearchCommonDataTest" name="productImagesTest" time="0.000">
    <skipped/>
  </testcase> <!-- productImagesTest -->
</testsuite> <!-- opencart.tests.SearchCommonDataTest -->
