<?xml version="1.0" encoding="UTF-8"?>
<!-- Generated by org.testng.reporters.JUnitReportReporter -->
<testsuite hostname="LAPTOP-C9KSH1RC" failures="0" tests="3" name="opencart.tests.LoginWithWrongCredentialsTest" time="0.001" errors="0" timestamp="2025-11-14T19:48:02 IST" skipped="3">
  <testcase classname="opencart.tests.LoginWithWrongCredentialsTest" name="loginWithWrongCredentialsTest" time="0.001">
    <skipped/>
  </testcase> <!-- loginWithWrongCredentialsTest -->
  <testcase classname="opencart.tests.LoginWithWrongCredentialsTest" name="loginWithWrongCredentialsTest" time="0.000">
    <skipped/>
  </testcase> <!-- loginWithWrongCredentialsTest -->
  <testcase classname="opencart.tests.LoginWithWrongCredentialsTest" name="loginWithWrongCredentialsTest" time="0.000">
    <skipped/>
  </testcase> <!-- loginWithWrongCredentialsTest -->
</testsuite> <!-- opencart.tests.LoginWithWrongCredentialsTest -->
