<?xml version="1.0" encoding="UTF-8"?>
<!-- Generated by org.testng.reporters.JUnitReportReporter -->
<testsuite hostname="LAPTOP-C9KSH1RC" failures="0" tests="14" name="opencart.tests.SearchTest" time="0.001" errors="0" timestamp="2025-11-14T19:48:02 IST" skipped="14">
  <testcase classname="opencart.tests.SearchTest" name="searchProductTest" time="0.000">
    <skipped/>
  </testcase> <!-- searchProductTest -->
  <testcase classname="opencart.tests.SearchTest" name="searchProductTest" time="0.001">
    <skipped/>
  </testcase> <!-- searchProductTest -->
  <testcase classname="opencart.tests.SearchTest" name="searchProductTest" time="0.000">
    <skipped/>
  </testcase> <!-- searchProductTest -->
  <testcase classname="opencart.tests.SearchTest" name="searchPageTitleTest" time="0.000">
    <skipped/>
  </testcase> <!-- searchPageTitleTest -->
  <testcase classname="opencart.tests.SearchTest" name="searchPageTitleTest" time="0.000">
    <skipped/>
  </testcase> <!-- searchPageTitleTest -->
  <testcase classname="opencart.tests.SearchTest" name="searchPageTitleTest" time="0.000">
    <skipped/>
  </testcase> <!-- searchPageTitleTest -->
  <testcase classname="opencart.tests.SearchTest" name="selectProductTest" time="0.000">
    <skipped/>
  </testcase> <!-- selectProductTest -->
  <testcase classname="opencart.tests.SearchTest" name="selectProductTest" time="0.000">
    <skipped/>
  </testcase> <!-- selectProductTest -->
  <testcase classname="opencart.tests.SearchTest" name="selectProductTest" time="0.000">
    <skipped/>
  </testcase> <!-- selectProductTest -->
  <testcase classname="opencart.tests.SearchTest" name="selectProductTest" time="0.000">
    <skipped/>
  </testcase> <!-- selectProductTest -->
  <testcase classname="opencart.tests.SearchTest" name="productImagesTest" time="0.000">
    <skipped/>
  </testcase> <!-- productImagesTest -->
  <testcase classname="opencart.tests.SearchTest" name="productImagesTest" time="0.000">
    <skipped/>
  </testcase> <!-- productImagesTest -->
  <testcase classname="opencart.tests.SearchTest" name="productImagesTest" time="0.000">
    <skipped/>
  </testcase> <!-- productImagesTest -->
  <testcase classname="opencart.tests.SearchTest" name="productImagesTest" time="0.000">
    <skipped/>
  </testcase> <!-- productImagesTest -->
</testsuite> <!-- opencart.tests.SearchTest -->
